<?xml version="1.0" encoding="UTF-8"?>
<!-- Generated by org.testng.reporters.JUnitXMLReporter -->
<testsuite ignored="44" hostname="PSDLAP350" failures="0" tests="2" name="Default test" time="114.231" errors="0" timestamp="2024-12-20T12:28:21 IST">
  <testcase classname="test.StartupTabTest" name="TC_109_Startup_Tab" time="77.073">
    <skipped/>
  </testcase> <!-- TC_109_Startup_Tab -->
  <testcase classname="test.StartupTabTest" name="TC_109_Startup_Tab" time="11.048"/>
  <testcase classname="test.StartupTabTest" name="TC_89_Startup_Tab" time="0.0">
    <ignored/>
  </testcase> <!-- TC_89_Startup_Tab -->
  <testcase classname="test.StartupTabTest" name="TC_69_Startup_Tab" time="0.0">
    <ignored/>
  </testcase> <!-- TC_69_Startup_Tab -->
  <testcase classname="test.StartupTabTest" name="TC_82_Startup_Tab" time="0.0">
    <ignored/>
  </testcase> <!-- TC_82_Startup_Tab -->
  <testcase classname="test.StartupTabTest" name="TC_108_Startup_Tab" time="0.0">
    <ignored/>
  </testcase> <!-- TC_108_Startup_Tab -->
  <testcase classname="test.StartupTabTest" name="TC_95_Startup_Tab" time="0.0">
    <ignored/>
  </testcase> <!-- TC_95_Startup_Tab -->
  <testcase classname="test.StartupTabTest" name="TC_98_Startup_Tab" time="0.0">
    <ignored/>
  </testcase> <!-- TC_98_Startup_Tab -->
  <testcase classname="test.StartupTabTest" name="TC_99_Startup_Tab" time="0.0">
    <ignored/>
  </testcase> <!-- TC_99_Startup_Tab -->
  <testcase classname="test.StartupTabTest" name="TC_75_Startup_Tab" time="0.0">
    <ignored/>
  </testcase> <!-- TC_75_Startup_Tab -->
  <testcase classname="test.StartupTabTest" name="TC_81_Startup_Tab" time="0.0">
    <ignored/>
  </testcase> <!-- TC_81_Startup_Tab -->
  <testcase classname="test.StartupTabTest" name="TC_80_Startup_Tab" time="0.0">
    <ignored/>
  </testcase> <!-- TC_80_Startup_Tab -->
  <testcase classname="test.StartupTabTest" name="TC_96_Startup_Tab" time="0.0">
    <ignored/>
  </testcase> <!-- TC_96_Startup_Tab -->
  <testcase classname="test.StartupTabTest" name="TC_83_Startup_Tab" time="0.0">
    <ignored/>
  </testcase> <!-- TC_83_Startup_Tab -->
  <testcase classname="test.StartupTabTest" name="TC_87_Startup_Tab" time="0.0">
    <ignored/>
  </testcase> <!-- TC_87_Startup_Tab -->
  <testcase classname="test.StartupTabTest" name="TC_65_Startup_Tab" time="0.0">
    <ignored/>
  </testcase> <!-- TC_65_Startup_Tab -->
  <testcase classname="test.StartupTabTest" name="TC_68_Startup_Tab" time="0.0">
    <ignored/>
  </testcase> <!-- TC_68_Startup_Tab -->
  <testcase classname="test.StartupTabTest" name="TC_85_Startup_Tab" time="0.0">
    <ignored/>
  </testcase> <!-- TC_85_Startup_Tab -->
  <testcase classname="test.StartupTabTest" name="TC_79_Startup_Tab" time="0.0">
    <ignored/>
  </testcase> <!-- TC_79_Startup_Tab -->
  <testcase classname="test.StartupTabTest" name="TC_78_Startup_Tab" time="0.0">
    <ignored/>
  </testcase> <!-- TC_78_Startup_Tab -->
  <testcase classname="test.StartupTabTest" name="TC_77_Startup_Tab" time="0.0">
    <ignored/>
  </testcase> <!-- TC_77_Startup_Tab -->
  <testcase classname="test.StartupTabTest" name="TC_72_Startup_Tab" time="0.0">
    <ignored/>
  </testcase> <!-- TC_72_Startup_Tab -->
  <testcase classname="test.StartupTabTest" name="TC_84_Startup_Tab" time="0.0">
    <ignored/>
  </testcase> <!-- TC_84_Startup_Tab -->
  <testcase classname="test.StartupTabTest" name="TC_91_Startup_Tab" time="0.0">
    <ignored/>
  </testcase> <!-- TC_91_Startup_Tab -->
  <testcase classname="test.StartupTabTest" name="TC_101_Startup_Tab" time="0.0">
    <ignored/>
  </testcase> <!-- TC_101_Startup_Tab -->
  <testcase classname="test.StartupTabTest" name="TC_73_Startup_Tab" time="0.0">
    <ignored/>
  </testcase> <!-- TC_73_Startup_Tab -->
  <testcase classname="test.StartupTabTest" name="TC_86_Startup_Tab" time="0.0">
    <ignored/>
  </testcase> <!-- TC_86_Startup_Tab -->
  <testcase classname="test.StartupTabTest" name="TC_77_a_Startup_Tab" time="0.0">
    <ignored/>
  </testcase> <!-- TC_77_a_Startup_Tab -->
  <testcase classname="test.StartupTabTest" name="TC_74_Startup_Tab" time="0.0">
    <ignored/>
  </testcase> <!-- TC_74_Startup_Tab -->
  <testcase classname="test.StartupTabTest" name="TC_102_Startup_Tab" time="0.0">
    <ignored/>
  </testcase> <!-- TC_102_Startup_Tab -->
  <testcase classname="test.StartupTabTest" name="TC_103_a_Startup_Tab" time="0.0">
    <ignored/>
  </testcase> <!-- TC_103_a_Startup_Tab -->
  <testcase classname="test.StartupTabTest" name="TC_71_Startup_Tab" time="0.0">
    <ignored/>
  </testcase> <!-- TC_71_Startup_Tab -->
  <testcase classname="test.StartupTabTest" name="TC_90_Startup_Tab" time="0.0">
    <ignored/>
  </testcase> <!-- TC_90_Startup_Tab -->
  <testcase classname="test.StartupTabTest" name="TC_103_Startup_Tab" time="0.0">
    <ignored/>
  </testcase> <!-- TC_103_Startup_Tab -->
  <testcase classname="test.StartupTabTest" name="TC_70_Startup_Tab" time="0.0">
    <ignored/>
  </testcase> <!-- TC_70_Startup_Tab -->
  <testcase classname="test.StartupTabTest" name="TC_97_Startup_Tab" time="0.0">
    <ignored/>
  </testcase> <!-- TC_97_Startup_Tab -->
  <testcase classname="test.StartupTabTest" name="TC_92_Startup_Tab" time="0.0">
    <ignored/>
  </testcase> <!-- TC_92_Startup_Tab -->
  <testcase classname="test.StartupTabTest" name="TC_105_Startup_Tab" time="0.0">
    <ignored/>
  </testcase> <!-- TC_105_Startup_Tab -->
  <testcase classname="test.StartupTabTest" name="TC_67_Startup_Tab" time="0.0">
    <ignored/>
  </testcase> <!-- TC_67_Startup_Tab -->
  <testcase classname="test.StartupTabTest" name="TC_104_Startup_Tab" time="0.0">
    <ignored/>
  </testcase> <!-- TC_104_Startup_Tab -->
  <testcase classname="test.StartupTabTest" name="TC_93_Startup_Tab" time="0.0">
    <ignored/>
  </testcase> <!-- TC_93_Startup_Tab -->
  <testcase classname="test.StartupTabTest" name="TC_88_Startup_Tab" time="0.0">
    <ignored/>
  </testcase> <!-- TC_88_Startup_Tab -->
  <testcase classname="test.StartupTabTest" name="TC_94_Startup_Tab" time="0.0">
    <ignored/>
  </testcase> <!-- TC_94_Startup_Tab -->
  <testcase classname="test.StartupTabTest" name="TC_76_Startup_Tab" time="0.0">
    <ignored/>
  </testcase> <!-- TC_76_Startup_Tab -->
  <testcase classname="test.StartupTabTest" name="TC_66_Startup_Tab" time="0.0">
    <ignored/>
  </testcase> <!-- TC_66_Startup_Tab -->
  <testcase classname="test.StartupTabTest" name="TC_100_Startup_Tab" time="0.0">
    <ignored/>
  </testcase> <!-- TC_100_Startup_Tab -->
</testsuite> <!-- Default test -->
