<?xml version="1.0" encoding="UTF-8"?>
<!-- Generated by org.testng.reporters.JUnitXMLReporter -->
<testsuite ignored="0" hostname="PSDLAP350" failures="0" tests="180" name="Magic Govern Automation Test" time="3406.069" errors="0" timestamp="2024-12-20T13:25:58 IST">
  <testcase classname="test.ResourceTabTest" name="TC_01_Resource_Tab" time="0.701"/>
  <testcase classname="test.ResourceTabTest" name="TC_02_Resource_Tab" time="0.683"/>
  <testcase classname="test.ResourceTabTest" name="TC_03_Resource_Tab" time="4.091"/>
  <testcase classname="test.ResourceTabTest" name="TC_04_Resource_Tab" time="3.575"/>
  <testcase classname="test.ResourceTabTest" name="TC_05_Resource_Tab" time="3.877"/>
  <testcase classname="test.ResourceTabTest" name="TC_06_Resource_Tab" time="3.45"/>
  <testcase classname="test.ResourceTabTest" name="TC_07_Resource_Tab" time="3.37"/>
  <testcase classname="test.ResourceTabTest" name="TC_08_Resource_Tab" time="3.885"/>
  <testcase classname="test.ResourceTabTest" name="TC_09_Resource_Tab" time="3.838"/>
  <testcase classname="test.ResourceTabTest" name="TC_10_Resource_Tab" time="3.635"/>
  <testcase classname="test.ResourceTabTest" name="TC_11_Resource_Tab" time="7.458"/>
  <testcase classname="test.ResourceTabTest" name="TC_12_Resource_Tab" time="6.909"/>
  <testcase classname="test.ResourceTabTest" name="TC_13_Resource_Tab" time="6.492"/>
  <testcase classname="test.ResourceTabTest" name="TC_14_Resource_Tab" time="17.476"/>
  <testcase classname="test.ResourceTabTest" name="TC_15_Resource_Tab" time="3.449"/>
  <testcase classname="test.ResourceTabTest" name="TC_16_Resource_Tab" time="16.445"/>
  <testcase classname="test.HomePageTabTest" name="TC_01_Homepage_Tab" time="0.689"/>
  <testcase classname="test.HomePageTabTest" name="TC_02_Homepage_Tab" time="4.393"/>
  <testcase classname="test.HomePageTabTest" name="TC_03_Homepage_Tab" time="2.777"/>
  <testcase classname="test.HomePageTabTest" name="TC_04_Homepage_Tab" time="2.905"/>
  <testcase classname="test.HomePageTabTest" name="TC_05_Homepage_Tab" time="2.876"/>
  <testcase classname="test.HomePageTabTest" name="TC_06_Homepage_Tab" time="2.885"/>
  <testcase classname="test.HomePageTabTest" name="TC_07_Homepage_Tab" time="4.595"/>
  <testcase classname="test.HomePageTabTest" name="TC_08_Homepage_Tab" time="2.749"/>
  <testcase classname="test.HomePageTabTest" name="TC_09_Homepage_Tab" time="2.939"/>
  <testcase classname="test.HomePageTabTest" name="TC_10_Homepage_Tab" time="3.423"/>
  <testcase classname="test.HomePageTabTest" name="TC_11_Homepage_Tab" time="3.414"/>
  <testcase classname="test.HomePageTabTest" name="TC_12_Homepage_Tab" time="4.069"/>
  <testcase classname="test.HomePageTabTest" name="TC_13_Homepage_Tab" time="3.335"/>
  <testcase classname="test.HomePageTabTest" name="TC_14_Homepage_Tab" time="3.586"/>
  <testcase classname="test.HomePageTabTest" name="TC_15_Homepage_Tab" time="3.271"/>
  <testcase classname="test.HomePageTabTest" name="TC_16_Homepage_Tab" time="3.472"/>
  <testcase classname="test.HomePageTabTest" name="TC_17_Homepage_Tab" time="0.234"/>
  <testcase classname="test.HomePageTabTest" name="TC_18_Homepage_Tab" time="0.242"/>
  <testcase classname="test.HomePageTabTest" name="TC_19_Homepage_Tab" time="0.175"/>
  <testcase classname="test.HomePageTabTest" name="TC_20_Homepage_Tab" time="0.139"/>
  <testcase classname="test.HomePageTabTest" name="TC_21_Homepage_Tab" time="0.133"/>
  <testcase classname="test.HomePageTabTest" name="TC_22_Homepage_Tab" time="0.147"/>
  <testcase classname="test.HomePageTabTest" name="TC_23_Homepage_Tab" time="3.853"/>
  <testcase classname="test.HomePageTabTest" name="TC_24_Homepage_Tab" time="3.395"/>
  <testcase classname="test.HomePageTabTest" name="TC_25_Homepage_Tab" time="3.519"/>
  <testcase classname="test.HomePageTabTest" name="TC_26_Homepage_Tab" time="0.244"/>
  <testcase classname="test.HomePageTabTest" name="TC_27_Homepage_Tab" time="12.859"/>
  <testcase classname="test.HomePageTabTest" name="TC_28_Homepage_Tab" time="2.334"/>
  <testcase classname="test.StartupTabTest" name="TC_65_Startup_Tab" time="6.363"/>
  <testcase classname="test.StartupTabTest" name="TC_66_Startup_Tab" time="10.621"/>
  <testcase classname="test.StartupTabTest" name="TC_67_Startup_Tab" time="10.218">
    <skipped/>
  </testcase> <!-- TC_67_Startup_Tab -->
  <testcase classname="test.StartupTabTest" name="TC_67_Startup_Tab" time="17.058"/>
  <testcase classname="test.StartupTabTest" name="TC_68_Startup_Tab" time="10.157"/>
  <testcase classname="test.StartupTabTest" name="TC_69_Startup_Tab" time="8.841"/>
  <testcase classname="test.StartupTabTest" name="TC_70_Startup_Tab" time="9.069"/>
  <testcase classname="test.StartupTabTest" name="TC_71_Startup_Tab" time="6.515"/>
  <testcase classname="test.StartupTabTest" name="TC_72_Startup_Tab" time="15.224"/>
  <testcase classname="test.StartupTabTest" name="TC_73_Startup_Tab" time="16.125"/>
  <testcase classname="test.StartupTabTest" name="TC_74_Startup_Tab" time="20.048"/>
  <testcase classname="test.StartupTabTest" name="TC_75_Startup_Tab" time="19.936"/>
  <testcase classname="test.StartupTabTest" name="TC_76_Startup_Tab" time="8.683"/>
  <testcase classname="test.StartupTabTest" name="TC_77_Startup_Tab" time="19.391"/>
  <testcase classname="test.StartupTabTest" name="TC_77_a_Startup_Tab" time="17.613"/>
  <testcase classname="test.StartupTabTest" name="TC_78_Startup_Tab" time="9.131"/>
  <testcase classname="test.StartupTabTest" name="TC_79_Startup_Tab" time="9.445"/>
  <testcase classname="test.StartupTabTest" name="TC_80_Startup_Tab" time="9.137"/>
  <testcase classname="test.StartupTabTest" name="TC_81_Startup_Tab" time="8.906"/>
  <testcase classname="test.StartupTabTest" name="TC_82_Startup_Tab" time="9.035"/>
  <testcase classname="test.StartupTabTest" name="TC_83_Startup_Tab" time="9.041"/>
  <testcase classname="test.StartupTabTest" name="TC_84_Startup_Tab" time="9.119"/>
  <testcase classname="test.StartupTabTest" name="TC_85_Startup_Tab" time="12.675"/>
  <testcase classname="test.StartupTabTest" name="TC_86_Startup_Tab" time="9.053"/>
  <testcase classname="test.StartupTabTest" name="TC_87_Startup_Tab" time="9.144"/>
  <testcase classname="test.StartupTabTest" name="TC_88_Startup_Tab" time="9.29"/>
  <testcase classname="test.StartupTabTest" name="TC_89_Startup_Tab" time="8.869"/>
  <testcase classname="test.StartupTabTest" name="TC_90_Startup_Tab" time="11.638"/>
  <testcase classname="test.StartupTabTest" name="TC_91_Startup_Tab" time="8.946"/>
  <testcase classname="test.StartupTabTest" name="TC_92_Startup_Tab" time="8.551"/>
  <testcase classname="test.StartupTabTest" name="TC_93_Startup_Tab" time="8.798"/>
  <testcase classname="test.StartupTabTest" name="TC_94_Startup_Tab" time="9.916"/>
  <testcase classname="test.StartupTabTest" name="TC_95_Startup_Tab" time="9.602"/>
  <testcase classname="test.StartupTabTest" name="TC_96_Startup_Tab" time="12.673"/>
  <testcase classname="test.StartupTabTest" name="TC_97_Startup_Tab" time="6.581"/>
  <testcase classname="test.StartupTabTest" name="TC_98_Startup_Tab" time="7.056"/>
  <testcase classname="test.StartupTabTest" name="TC_99_Startup_Tab" time="6.969"/>
  <testcase classname="test.StartupTabTest" name="TC_100_Startup_Tab" time="9.076"/>
  <testcase classname="test.StartupTabTest" name="TC_101_Startup_Tab" time="8.267"/>
  <testcase classname="test.StartupTabTest" name="TC_102_Startup_Tab" time="6.539"/>
  <testcase classname="test.StartupTabTest" name="TC_103_Startup_Tab" time="8.382"/>
  <testcase classname="test.StartupTabTest" name="TC_103_a_Startup_Tab" time="10.695"/>
  <testcase classname="test.StartupTabTest" name="TC_104_Startup_Tab" time="8.505"/>
  <testcase classname="test.StartupTabTest" name="TC_105_Startup_Tab" time="9.285"/>
  <testcase classname="test.StartupTabTest" name="TC_108_Startup_Tab" time="9.998"/>
  <testcase classname="test.StartupTabTest" name="TC_109_Startup_Tab" time="7.216"/>
  <testcase classname="test.BlogTest" name="TC01_Blog_Tab" time="0.046"/>
  <testcase classname="test.BlogTest" name="TC02_Blog_Tab" time="3.836"/>
  <testcase classname="test.BlogTest" name="TC03_Blog_Tab" time="3.467"/>
  <testcase classname="test.BlogTest" name="TC04_Blog_Tab" time="3.582"/>
  <testcase classname="test.BlogTest" name="TC05_Blog_Tab" time="6.195"/>
  <testcase classname="test.BlogTest" name="TC06_Blog_Tab" time="6.33"/>
  <testcase classname="test.BlogTest" name="TC07_Blog_Tab" time="3.394"/>
  <testcase classname="test.BlogTest" name="TC08_Blog_Tab" time="6.795"/>
  <testcase classname="test.BlogTest" name="TC09_Blog_Tab" time="3.777"/>
  <testcase classname="test.BlogTest" name="TC010_Blog_Tab" time="6.592"/>
  <testcase classname="test.BlogTest" name="TC11_Blog_Tab" time="3.51"/>
  <testcase classname="test.BlogTest" name="TC12_Blog_Tab" time="6.163"/>
  <testcase classname="test.BlogTest" name="TC13_Blog_Tab" time="3.492"/>
  <testcase classname="test.BlogTest" name="TC14_Blog_Tab" time="6.813"/>
  <testcase classname="test.BlogTest" name="TC15_Blog_Tab" time="3.845"/>
  <testcase classname="test.BlogTest" name="TC16_Blog_Tab" time="7.056"/>
  <testcase classname="test.BlogTest" name="TC17_Blog_Tab" time="3.481"/>
  <testcase classname="test.BlogTest" name="TC18_Blog_Tab" time="7.21"/>
  <testcase classname="test.BlogTest" name="TC19_Blog_Tab" time="3.426"/>
  <testcase classname="test.BlogTest" name="TC20_Blog_Tab" time="6.755"/>
  <testcase classname="test.BlogTest" name="TC21_Blog_Tab" time="6.465"/>
  <testcase classname="test.BlogTest" name="TC22_Blog_Tab" time="3.416"/>
  <testcase classname="test.CaseStudiesTab_Test" name="caseStudiesText_Tab_TC_01" time="4.771"/>
  <testcase classname="test.CaseStudiesTab_Test" name="caseStudies_Tab_TC_02" time="3.341"/>
  <testcase classname="test.CaseStudiesTab_Test" name="featuredCaseText_TC_03" time="3.482"/>
  <testcase classname="test.CaseStudiesTab_Test" name="Major_Insurance_TC_04" time="6.434"/>
  <testcase classname="test.CaseStudiesTab_Test" name="Major_Insurance_TC_05" time="10.458"/>
  <testcase classname="test.CaseStudiesTab_Test" name="StrategicMove_TC_06" time="10.235"/>
  <testcase classname="test.CaseStudiesTab_Test" name="ConvenianceSaving_TC_07" time="11.144"/>
  <testcase classname="test.CaseStudiesTab_Test" name="PrivateTrust_TC_08" time="10.728"/>
  <testcase classname="test.CaseStudiesTab_Test" name="OnlinePlatform_TC_09" time="10.467"/>
  <testcase classname="test.CaseStudiesTab_Test" name="Delevering_Enterprise_TC_10" time="10.687"/>
  <testcase classname="test.CaseStudiesTab_Test" name="Bringing_Premium_TC_11" time="10.862"/>
  <testcase classname="test.CaseStudiesTab_Test" name="Building_Optimizing_TC_12" time="10.825"/>
  <testcase classname="test.Company_Test" name="TC01_Company_Tab" time="4.101"/>
  <testcase classname="test.Company_Test" name="TC02_Company_Tab" time="7.298"/>
  <testcase classname="test.Company_Test" name="TC03_Company_Tab" time="7.178"/>
  <testcase classname="test.Company_Test" name="TC04_Company_Tab" time="6.706"/>
  <testcase classname="test.Company_Test" name="TC05_Company_Tab" time="3.872"/>
  <testcase classname="test.Company_Test" name="TC06_Company_Tab" time="6.216"/>
  <testcase classname="test.Company_Test" name="TC07_Company_Tab" time="7.11"/>
  <testcase classname="test.Company_Test" name="TC08_Company_Tab" time="6.647"/>
  <testcase classname="test.Company_Test" name="TC09_Company_Tab" time="4.076"/>
  <testcase classname="test.Company_Test" name="TC10_Company_Tab" time="6.955"/>
  <testcase classname="test.Company_Test" name="TC11_Company_Tab" time="6.694"/>
  <testcase classname="test.Company_Test" name="TC12_Company_Tab" time="4.09"/>
  <testcase classname="test.Company_Test" name="TC13_Company_Tab" time="4.977"/>
  <testcase classname="test.Company_Test" name="TC14_Company_Tab" time="6.824"/>
  <testcase classname="test.Company_Test" name="TC15_Company_Tab" time="7.468"/>
  <testcase classname="test.Company_Test" name="TC16_Company_Tab" time="10.46"/>
  <testcase classname="test.Company_Test" name="TC17_Company_Tab" time="3.59"/>
  <testcase classname="test.Company_Test" name="TC18_Company_Tab" time="4.603"/>
  <testcase classname="test.Company_Test" name="TC19_Company_Tab" time="8.388"/>
  <testcase classname="test.Company_Test" name="TC20_Company_Tab" time="3.757"/>
  <testcase classname="test.Company_Test" name="TC21_Company_Tab" time="7.161"/>
  <testcase classname="test.Company_Test" name="TC22_Company_Tab" time="3.781"/>
  <testcase classname="test.Company_Test" name="TC23_Company_Tab" time="8.948"/>
  <testcase classname="test.Company_Test" name="TC24_Company_Tab" time="4.925"/>
  <testcase classname="test.IndustryTest" name="TC110_Industry_Tab" time="3.487"/>
  <testcase classname="test.IndustryTest" name="TC111_Industry_Tab" time="7.787"/>
  <testcase classname="test.IndustryTest" name="TC112_Industry_Tab" time="7.141"/>
  <testcase classname="test.IndustryTest" name="TC113_Industry_Tab" time="7.501"/>
  <testcase classname="test.IndustryTest" name="TC114_Industry_Tab" time="7.524"/>
  <testcase classname="test.IndustryTest" name="TC115_Industry_Tab" time="7.725"/>
  <testcase classname="test.IndustryTest" name="TC116_Industry_Tab" time="7.346"/>
  <testcase classname="test.IndustryTest" name="TC117_Industry_Tab" time="8.043"/>
  <testcase classname="test.IndustryTest" name="TC118_Industry_Tab" time="7.533"/>
  <testcase classname="test.IndustryTest" name="TC119_Industry_Tab" time="7.663"/>
  <testcase classname="test.IndustryTest" name="TC120_Industry_Tab" time="8.859"/>
  <testcase classname="test.IndustryTest" name="TC121_Industry_Tab" time="7.697"/>
  <testcase classname="test.SolutionTab_Test" name="solution_Tab_TC_01" time="0.769"/>
  <testcase classname="test.SolutionTab_Test" name="Managed_services_TC_02" time="4.139"/>
  <testcase classname="test.SolutionTab_Test" name="IT_ConsultancyAndAdvisoy_TC_03" time="3.697"/>
  <testcase classname="test.SolutionTab_Test" name="CyberSecurity_TC_04" time="3.968"/>
  <testcase classname="test.SolutionTab_Test" name="WebDevelopment_TC_05" time="3.916"/>
  <testcase classname="test.SolutionTab_Test" name="MobileDevelopment_TC_06" time="3.827"/>
  <testcase classname="test.SolutionTab_Test" name="CloudServices_TC_07" time="3.97"/>
  <testcase classname="test.SolutionTab_Test" name="DigitalTransformation_TC_08" time="3.404"/>
  <testcase classname="test.SolutionTab_Test" name="Security_TC_09" time="3.83"/>
  <testcase classname="test.SolutionTab_Test" name="Automation_TC_10" time="3.929"/>
  <testcase classname="test.SolutionTab_Test" name="Gaining_Efficiency_TC_11" time="3.627"/>
  <testcase classname="test.SolutionTab_Test" name="Industry_Manufacturing_12" time="3.081"/>
  <testcase classname="test.SolutionTab_Test" name="Transportation_TC_13" time="3.734"/>
  <testcase classname="test.SolutionTab_Test" name="Healthcare_TC_14" time="4.17"/>
  <testcase classname="test.SolutionTab_Test" name="BankAndInsurance_TC_15" time="3.601"/>
  <testcase classname="test.SolutionTab_Test" name="CounsultingProvider_TC_16" time="3.574"/>
  <testcase classname="test.SolutionTab_Test" name="NonProfit_TC_17" time="3.572"/>
  <testcase classname="test.SolutionTab_Test" name="NonProfit_TC_18" time="3.002"/>
  <testcase classname="test.SolutionTab_Test" name="CallUs_TC_19" time="3.749"/>
  <testcase classname="test.SolutionTab_Test" name="nftLearnMore_TC_20" time="6.521"/>
</testsuite> <!-- Magic Govern Automation Test -->
