<?xml version="1.0" encoding="UTF-8"?>
<!-- Generated by org.testng.reporters.JUnitXMLReporter -->
<testsuite ignored="0" hostname="PSDLAP350" failures="0" tests="27" name="Test" time="201.63" errors="0" timestamp="2024-11-20T16:08:42 IST">
  <testcase classname="helper.BaseTest" name="@BeforeMethod beforeMethod" time="15.257">
    <failure type="org.openqa.selenium.StaleElementReferenceException" message="stale element reference: stale element not found in the current frame
  (Session info: MicrosoftEdge=131.0.2903.51)
For documentation on this error, please visit: https://www.selenium.dev/documentation/webdriver/troubleshooting/errors#stale-element-reference-exception
Build info: version: &amp;apos;4.23.0&amp;apos;, revision: &amp;apos;4df0a231af&amp;apos;
System info: os.name: &amp;apos;Windows 11&amp;apos;, os.arch: &amp;apos;amd64&amp;apos;, os.version: &amp;apos;10.0&amp;apos;, java.version: &amp;apos;22.0.2&amp;apos;
Driver info: org.openqa.selenium.edge.EdgeDriver
Command: [63adf8a2453796c847214c43ca9977cc, executeScript {args=[{element-6066-11e4-a52e-4f735466cecf=f.53738493DCFD89387F152E6D98279DD0.d.634BBC0FF48CC028FD297D2A037A7D9C.e.17}], script=arguments[0].scrollIntoView(true);}]
Capabilities {acceptInsecureCerts: false, browserName: MicrosoftEdge, browserVersion: 131.0.2903.51, fedcm:accounts: true, ms:edgeOptions: {debuggerAddress: localhost:51086}, msedge: {msedgedriverVersion: 131.0.2903.51 (e8c8535333b9..., userDataDir: C:\Users\UDDHAV~1\AppData\L...}, networkConnectionEnabled: false, pageLoadStrategy: normal, platformName: windows, proxy: Proxy(), se:cdp: ws://localhost:51086/devtoo..., se:cdpVersion: 131.0.2903.51, setWindowRect: true, strictFileInteractability: false, timeouts: {implicit: 0, pageLoad: 300000, script: 30000}, unhandledPromptBehavior: dismiss and notify, webauthn:extension:credBlob: true, webauthn:extension:largeBlob: true, webauthn:extension:minPinLength: true, webauthn:extension:prf: true, webauthn:virtualAuthenticators: true}
Session ID: 63adf8a2453796c847214c43ca9977cc">
      <![CDATA[org.openqa.selenium.StaleElementReferenceException: stale element reference: stale element not found in the current frame
  (Session info: MicrosoftEdge=131.0.2903.51)
For documentation on this error, please visit: https://www.selenium.dev/documentation/webdriver/troubleshooting/errors#stale-element-reference-exception
Build info: version: '4.23.0', revision: '4df0a231af'
System info: os.name: 'Windows 11', os.arch: 'amd64', os.version: '10.0', java.version: '22.0.2'
Driver info: org.openqa.selenium.edge.EdgeDriver
Command: [63adf8a2453796c847214c43ca9977cc, executeScript {args=[{element-6066-11e4-a52e-4f735466cecf=f.53738493DCFD89387F152E6D98279DD0.d.634BBC0FF48CC028FD297D2A037A7D9C.e.17}], script=arguments[0].scrollIntoView(true);}]
Capabilities {acceptInsecureCerts: false, browserName: MicrosoftEdge, browserVersion: 131.0.2903.51, fedcm:accounts: true, ms:edgeOptions: {debuggerAddress: localhost:51086}, msedge: {msedgedriverVersion: 131.0.2903.51 (e8c8535333b9..., userDataDir: C:\Users\UDDHAV~1\AppData\L...}, networkConnectionEnabled: false, pageLoadStrategy: normal, platformName: windows, proxy: Proxy(), se:cdp: ws://localhost:51086/devtoo..., se:cdpVersion: 131.0.2903.51, setWindowRect: true, strictFileInteractability: false, timeouts: {implicit: 0, pageLoad: 300000, script: 30000}, unhandledPromptBehavior: dismiss and notify, webauthn:extension:credBlob: true, webauthn:extension:largeBlob: true, webauthn:extension:minPinLength: true, webauthn:extension:prf: true, webauthn:virtualAuthenticators: true}
Session ID: 63adf8a2453796c847214c43ca9977cc
at org.openqa.selenium.remote.ErrorCodec.decode(ErrorCodec.java:167)
at org.openqa.selenium.remote.codec.w3c.W3CHttpResponseCodec.decode(W3CHttpResponseCodec.java:138)
at org.openqa.selenium.remote.codec.w3c.W3CHttpResponseCodec.decode(W3CHttpResponseCodec.java:50)
at org.openqa.selenium.remote.HttpCommandExecutor.execute(HttpCommandExecutor.java:190)
at org.openqa.selenium.remote.service.DriverCommandExecutor.invokeExecute(DriverCommandExecutor.java:216)
at org.openqa.selenium.remote.service.DriverCommandExecutor.execute(DriverCommandExecutor.java:174)
at org.openqa.selenium.remote.RemoteWebDriver.execute(RemoteWebDriver.java:527)
at org.openqa.selenium.remote.RemoteWebDriver.executeScript(RemoteWebDriver.java:465)
at helper.NavigateToTimesheet.navigateTimesheet(NavigateToTimesheet.java:34)
at helper.BaseTest.beforeMethod(BaseTest.java:38)
at java.base/java.util.ArrayList.forEach(ArrayList.java:1597)
... Removed 32 stack frames]]>
    </failure>
  </testcase> <!-- @BeforeMethod beforeMethod -->
  <testcase classname="test.PlExportTest" name="@AfterMethod afterMethod" time="0.0">
    <skipped/>
  </testcase> <!-- @AfterMethod afterMethod -->
  <testcase classname="helper.BaseTest" name="@BeforeMethod beforeMethod" time="0.0">
    <skipped/>
  </testcase> <!-- @BeforeMethod beforeMethod -->
  <testcase classname="test.PlExportTest" name="@AfterMethod afterMethod" time="0.0">
    <skipped/>
  </testcase> <!-- @AfterMethod afterMethod -->
  <testcase classname="test.PlExportTest" name="TC_01" time="7.698"/>
  <testcase classname="test.PlExportTest" name="TC_073_PL_approve_list" time="25.67"/>
  <testcase classname="test.PlExportTest" name="TC_074_PL_export_year_task" time="17.58"/>
  <testcase classname="test.PlExportTest" name="TC_075_PL_approved_year_task" time="0.0">
    <skipped/>
  </testcase> <!-- TC_075_PL_approved_year_task -->
  <testcase classname="test.PlExportTest" name="TC_076_PL_year_list_reportee" time="0.0">
    <skipped/>
  </testcase> <!-- TC_076_PL_year_list_reportee -->
  <testcase classname="test.PlExportTest" name="TC_077_PL_approve_month" time="0.0">
    <skipped/>
  </testcase> <!-- TC_077_PL_approve_month -->
  <testcase classname="test.PlExportTest" name="TC_078_PL_approve_month_team" time="0.0">
    <skipped/>
  </testcase> <!-- TC_078_PL_approve_month_team -->
  <testcase classname="test.PlExportTest" name="TC_079_PL_approve_month_reportee" time="0.0">
    <skipped/>
  </testcase> <!-- TC_079_PL_approve_month_reportee -->
  <testcase classname="test.PlExportTest" name="TC_080_PL_list_month_reportee" time="0.0">
    <skipped/>
  </testcase> <!-- TC_080_PL_list_month_reportee -->
  <testcase classname="test.PlExportTest" name="TC_081_PL_week_team_approved" time="0.0">
    <skipped/>
  </testcase> <!-- TC_081_PL_week_team_approved -->
  <testcase classname="test.PlExportTest" name="TC_082_PL_week_team" time="0.0">
    <skipped/>
  </testcase> <!-- TC_082_PL_week_team -->
  <testcase classname="test.PlExportTest" name="TC_083_PL_approved_week_team" time="0.0">
    <skipped/>
  </testcase> <!-- TC_083_PL_approved_week_team -->
  <testcase classname="test.PlExportTest" name="TC_084_PL_week_reportee_task" time="0.0">
    <skipped/>
  </testcase> <!-- TC_084_PL_week_reportee_task -->
  <testcase classname="test.PlExportTest" name="TC_085_PL_date_approved_task" time="0.0">
    <skipped/>
  </testcase> <!-- TC_085_PL_date_approved_task -->
  <testcase classname="test.PlExportTest" name="TC_086_PL_date_task" time="0.0">
    <skipped/>
  </testcase> <!-- TC_086_PL_date_task -->
  <testcase classname="test.PlExportTest" name="TC_087_PL_date_reportee" time="0.0">
    <skipped/>
  </testcase> <!-- TC_087_PL_date_reportee -->
  <testcase classname="test.PlExportTest" name="TC_088_PL_date_reportee_task" time="0.0">
    <skipped/>
  </testcase> <!-- TC_088_PL_date_reportee_task -->
  <testcase classname="test.PlExportTest" name="TC_089_PL_date_select_range_team" time="0.004">
    <skipped/>
  </testcase> <!-- TC_089_PL_date_select_range_team -->
  <testcase classname="test.PlExportTest" name="TC_090_PL_task_date_range" time="0.0">
    <skipped/>
  </testcase> <!-- TC_090_PL_task_date_range -->
  <testcase classname="test.PlExportTest" name="TC_091_PL_date_range_reportee" time="0.0">
    <skipped/>
  </testcase> <!-- TC_091_PL_date_range_reportee -->
  <testcase classname="test.PlExportTest" name="TC_092_PL_date_reportee" time="0.0">
    <skipped/>
  </testcase> <!-- TC_092_PL_date_reportee -->
  <testcase classname="test.PlExportTest" name="TC_093_PL_submitted_team" time="0.0">
    <skipped/>
  </testcase> <!-- TC_093_PL_submitted_team -->
  <testcase classname="test.PlExportTest" name="TC_094_PL_year_task_reportee" time="0.0">
    <skipped/>
  </testcase> <!-- TC_094_PL_year_task_reportee -->
  <testcase classname="test.PlExportTest" name="TC_095_PL_month_task_team" time="0.0">
    <skipped/>
  </testcase> <!-- TC_095_PL_month_task_team -->
  <testcase classname="test.PlExportTest" name="TC_096_PL_submitted_month_task" time="0.0">
    <skipped/>
  </testcase> <!-- TC_096_PL_submitted_month_task -->
  <testcase classname="test.PlExportTest" name="TC_097_PL_submitted_task_team" time="0.0">
    <skipped/>
  </testcase> <!-- TC_097_PL_submitted_task_team -->
  <testcase classname="test.PlExportTest" name="TC_098_PL_week_task_reportee" time="0.0">
    <skipped/>
  </testcase> <!-- TC_098_PL_week_task_reportee -->
</testsuite> <!-- Test -->
