<?xml version="1.0" encoding="UTF-8"?>
<!-- Generated by org.testng.reporters.JUnitXMLReporter -->
<testsuite ignored="0" hostname="PSDLAP350" failures="0" tests="27" name="Timesheet Automation Test" time="1516.215" errors="0" timestamp="2024-11-26T12:40:58 IST">
  <testcase classname="test.ViewerExportTest" name="TC_01" time="13.381"/>
  <testcase classname="test.ViewerExportTest" name="TC_073_Viewer_approve_list" time="30.347"/>
  <testcase classname="test.ViewerExportTest" name="TC_074_Viewer_export_year_task" time="24.393"/>
  <testcase classname="test.ViewerExportTest" name="TC_075_Viewer_approved_year_task" time="29.158"/>
  <testcase classname="test.ViewerExportTest" name="TC_076_Viewer_year_list_reportee" time="27.838"/>
  <testcase classname="test.ViewerExportTest" name="TC_077_Viewer_approve_month" time="30.374"/>
  <testcase classname="test.ViewerExportTest" name="TC_078_Viewer_approve_month_team" time="30.719"/>
  <testcase classname="test.ViewerExportTest" name="TC_079_Viewer_approve_month_reportee" time="29.361"/>
  <testcase classname="test.ViewerExportTest" name="TC_080_Viewer_list_month_reportee" time="29.243"/>
  <testcase classname="test.ViewerExportTest" name="TC_081_Viewer_week_team_approved" time="31.045"/>
  <testcase classname="test.ViewerExportTest" name="TC_082_Viewer_week_team" time="27.175"/>
  <testcase classname="test.ViewerExportTest" name="TC_083_Viewer_approved_week_team" time="30.318"/>
  <testcase classname="test.ViewerExportTest" name="TC_084_Viewer_week_reportee_task" time="27.548"/>
  <testcase classname="test.ViewerExportTest" name="TC_085_Viewer_date_approved_task" time="32.209"/>
  <testcase classname="test.ViewerExportTest" name="TC_086_Viewer_date_task" time="32.123"/>
  <testcase classname="test.ViewerExportTest" name="TC_087_Viewer_date_reportee" time="32.599"/>
  <testcase classname="test.ViewerExportTest" name="TC_088_Viewer_date_reportee_task" time="27.808"/>
  <testcase classname="test.ViewerExportTest" name="TC_089_Viewer_date_select_range_team" time="29.419"/>
  <testcase classname="test.ViewerExportTest" name="TC_090_Viewer_task_date_range" time="30.406"/>
  <testcase classname="test.ViewerExportTest" name="TC_091_Viewer_date_range_reportee" time="29.919"/>
  <testcase classname="test.ViewerExportTest" name="TC_092_Viewer_date_reportee" time="29.097"/>
  <testcase classname="test.ViewerExportTest" name="TC_093_Viewer_submitted_team" time="29.828"/>
  <testcase classname="test.ViewerExportTest" name="TC_094_Viewer_year_task_reportee" time="29.699"/>
  <testcase classname="test.ViewerExportTest" name="TC_095_Viewer_month_task_team" time="32.783"/>
  <testcase classname="test.ViewerExportTest" name="TC_096_Viewer_submitted_month_task" time="33.877"/>
  <testcase classname="test.ViewerExportTest" name="TC_097_Viewer_submitted_task_team" time="27.949"/>
  <testcase classname="test.ViewerExportTest" name="TC_098_Viewer_week_task_reportee" time="31.164"/>
</testsuite> <!-- Timesheet Automation Test -->
