<?xml version="1.0" encoding="UTF-8"?>
<testng-results retried="1" ignored="1" total="181" passed="179" failed="0" skipped="0">
  <reporter-output>
  </reporter-output>
  <suite started-at="2024-12-20T12:29:12 IST" name="Suite" finished-at="2024-12-20T13:25:58 IST" duration-ms="3406069">
    <groups>
    </groups>
    <test started-at="2024-12-20T12:29:12 IST" name="Magic Govern Automation Test" finished-at="2024-12-20T13:25:58 IST" duration-ms="3406069">
      <class name="test.BlogTest">
        <test-method is-config="true" signature="beforeMethod()[pri:0, instance:test.BlogTest@6f45df59]" started-at="2024-12-20T12:58:39 IST" name="beforeMethod" finished-at="2024-12-20T12:58:47 IST" duration-ms="8421" status="PASS">
          <reporter-output>
          </reporter-output>
        </test-method> <!-- beforeMethod -->
        <test-method signature="TC01_Blog_Tab()[pri:1, instance:test.BlogTest@6f45df59]" started-at="2024-12-20T12:58:47 IST" name="TC01_Blog_Tab" finished-at="2024-12-20T12:58:47 IST" duration-ms="46" status="PASS">
          <reporter-output>
          </reporter-output>
        </test-method> <!-- TC01_Blog_Tab -->
        <test-method is-config="true" signature="afterMethod()[pri:0, instance:test.BlogTest@6f45df59]" started-at="2024-12-20T12:58:47 IST" name="afterMethod" finished-at="2024-12-20T12:58:51 IST" duration-ms="3389" status="PASS">
          <reporter-output>
          </reporter-output>
        </test-method> <!-- afterMethod -->
        <test-method is-config="true" signature="beforeMethod()[pri:0, instance:test.BlogTest@6f45df59]" started-at="2024-12-20T12:58:51 IST" name="beforeMethod" finished-at="2024-12-20T12:58:59 IST" duration-ms="8776" status="PASS">
          <reporter-output>
          </reporter-output>
        </test-method> <!-- beforeMethod -->
        <test-method signature="TC02_Blog_Tab()[pri:2, instance:test.BlogTest@6f45df59]" started-at="2024-12-20T12:58:59 IST" name="TC02_Blog_Tab" finished-at="2024-12-20T12:59:03 IST" duration-ms="3836" status="PASS">
          <reporter-output>
          </reporter-output>
        </test-method> <!-- TC02_Blog_Tab -->
        <test-method is-config="true" signature="afterMethod()[pri:0, instance:test.BlogTest@6f45df59]" started-at="2024-12-20T12:59:03 IST" name="afterMethod" finished-at="2024-12-20T12:59:07 IST" duration-ms="3520" status="PASS">
          <reporter-output>
          </reporter-output>
        </test-method> <!-- afterMethod -->
        <test-method is-config="true" signature="beforeMethod()[pri:0, instance:test.BlogTest@6f45df59]" started-at="2024-12-20T12:59:07 IST" name="beforeMethod" finished-at="2024-12-20T12:59:15 IST" duration-ms="8090" status="PASS">
          <reporter-output>
          </reporter-output>
        </test-method> <!-- beforeMethod -->
        <test-method signature="TC03_Blog_Tab()[pri:3, instance:test.BlogTest@6f45df59]" started-at="2024-12-20T12:59:15 IST" name="TC03_Blog_Tab" finished-at="2024-12-20T12:59:18 IST" duration-ms="3467" status="PASS">
          <reporter-output>
          </reporter-output>
        </test-method> <!-- TC03_Blog_Tab -->
        <test-method is-config="true" signature="afterMethod()[pri:0, instance:test.BlogTest@6f45df59]" started-at="2024-12-20T12:59:18 IST" name="afterMethod" finished-at="2024-12-20T12:59:22 IST" duration-ms="3473" status="PASS">
          <reporter-output>
          </reporter-output>
        </test-method> <!-- afterMethod -->
        <test-method is-config="true" signature="beforeMethod()[pri:0, instance:test.BlogTest@6f45df59]" started-at="2024-12-20T12:59:22 IST" name="beforeMethod" finished-at="2024-12-20T12:59:30 IST" duration-ms="7963" status="PASS">
          <reporter-output>
          </reporter-output>
        </test-method> <!-- beforeMethod -->
        <test-method signature="TC04_Blog_Tab()[pri:4, instance:test.BlogTest@6f45df59]" started-at="2024-12-20T12:59:30 IST" name="TC04_Blog_Tab" finished-at="2024-12-20T12:59:33 IST" duration-ms="3582" status="PASS">
          <reporter-output>
          </reporter-output>
        </test-method> <!-- TC04_Blog_Tab -->
        <test-method is-config="true" signature="afterMethod()[pri:0, instance:test.BlogTest@6f45df59]" started-at="2024-12-20T12:59:33 IST" name="afterMethod" finished-at="2024-12-20T12:59:37 IST" duration-ms="3417" status="PASS">
          <reporter-output>
          </reporter-output>
        </test-method> <!-- afterMethod -->
        <test-method is-config="true" signature="beforeMethod()[pri:0, instance:test.BlogTest@6f45df59]" started-at="2024-12-20T12:59:37 IST" name="beforeMethod" finished-at="2024-12-20T12:59:46 IST" duration-ms="8773" status="PASS">
          <reporter-output>
          </reporter-output>
        </test-method> <!-- beforeMethod -->
        <test-method signature="TC05_Blog_Tab()[pri:5, instance:test.BlogTest@6f45df59]" started-at="2024-12-20T12:59:46 IST" name="TC05_Blog_Tab" finished-at="2024-12-20T12:59:52 IST" duration-ms="6195" status="PASS">
          <reporter-output>
          </reporter-output>
        </test-method> <!-- TC05_Blog_Tab -->
        <test-method is-config="true" signature="afterMethod()[pri:0, instance:test.BlogTest@6f45df59]" started-at="2024-12-20T12:59:52 IST" name="afterMethod" finished-at="2024-12-20T12:59:55 IST" duration-ms="3502" status="PASS">
          <reporter-output>
          </reporter-output>
        </test-method> <!-- afterMethod -->
        <test-method is-config="true" signature="beforeMethod()[pri:0, instance:test.BlogTest@6f45df59]" started-at="2024-12-20T12:59:55 IST" name="beforeMethod" finished-at="2024-12-20T13:00:05 IST" duration-ms="9840" status="PASS">
          <reporter-output>
          </reporter-output>
        </test-method> <!-- beforeMethod -->
        <test-method signature="TC06_Blog_Tab()[pri:6, instance:test.BlogTest@6f45df59]" started-at="2024-12-20T13:00:05 IST" name="TC06_Blog_Tab" finished-at="2024-12-20T13:00:11 IST" duration-ms="6330" status="PASS">
          <reporter-output>
          </reporter-output>
        </test-method> <!-- TC06_Blog_Tab -->
        <test-method is-config="true" signature="afterMethod()[pri:0, instance:test.BlogTest@6f45df59]" started-at="2024-12-20T13:00:11 IST" name="afterMethod" finished-at="2024-12-20T13:00:15 IST" duration-ms="3512" status="PASS">
          <reporter-output>
          </reporter-output>
        </test-method> <!-- afterMethod -->
        <test-method is-config="true" signature="beforeMethod()[pri:0, instance:test.BlogTest@6f45df59]" started-at="2024-12-20T13:00:15 IST" name="beforeMethod" finished-at="2024-12-20T13:00:24 IST" duration-ms="8939" status="PASS">
          <reporter-output>
          </reporter-output>
        </test-method> <!-- beforeMethod -->
        <test-method signature="TC07_Blog_Tab()[pri:7, instance:test.BlogTest@6f45df59]" started-at="2024-12-20T13:00:24 IST" name="TC07_Blog_Tab" finished-at="2024-12-20T13:00:27 IST" duration-ms="3394" status="PASS">
          <reporter-output>
          </reporter-output>
        </test-method> <!-- TC07_Blog_Tab -->
        <test-method is-config="true" signature="afterMethod()[pri:0, instance:test.BlogTest@6f45df59]" started-at="2024-12-20T13:00:27 IST" name="afterMethod" finished-at="2024-12-20T13:00:31 IST" duration-ms="3403" status="PASS">
          <reporter-output>
          </reporter-output>
        </test-method> <!-- afterMethod -->
        <test-method is-config="true" signature="beforeMethod()[pri:0, instance:test.BlogTest@6f45df59]" started-at="2024-12-20T13:00:31 IST" name="beforeMethod" finished-at="2024-12-20T13:00:40 IST" duration-ms="9612" status="PASS">
          <reporter-output>
          </reporter-output>
        </test-method> <!-- beforeMethod -->
        <test-method signature="TC08_Blog_Tab()[pri:8, instance:test.BlogTest@6f45df59]" started-at="2024-12-20T13:00:40 IST" name="TC08_Blog_Tab" finished-at="2024-12-20T13:00:47 IST" duration-ms="6795" status="PASS">
          <reporter-output>
          </reporter-output>
        </test-method> <!-- TC08_Blog_Tab -->
        <test-method is-config="true" signature="afterMethod()[pri:0, instance:test.BlogTest@6f45df59]" started-at="2024-12-20T13:00:47 IST" name="afterMethod" finished-at="2024-12-20T13:00:51 IST" duration-ms="3523" status="PASS">
          <reporter-output>
          </reporter-output>
        </test-method> <!-- afterMethod -->
        <test-method is-config="true" signature="beforeMethod()[pri:0, instance:test.BlogTest@6f45df59]" started-at="2024-12-20T13:00:51 IST" name="beforeMethod" finished-at="2024-12-20T13:00:59 IST" duration-ms="8845" status="PASS">
          <reporter-output>
          </reporter-output>
        </test-method> <!-- beforeMethod -->
        <test-method signature="TC09_Blog_Tab()[pri:9, instance:test.BlogTest@6f45df59]" started-at="2024-12-20T13:00:59 IST" name="TC09_Blog_Tab" finished-at="2024-12-20T13:01:03 IST" duration-ms="3777" status="PASS">
          <reporter-output>
          </reporter-output>
        </test-method> <!-- TC09_Blog_Tab -->
        <test-method is-config="true" signature="afterMethod()[pri:0, instance:test.BlogTest@6f45df59]" started-at="2024-12-20T13:01:03 IST" name="afterMethod" finished-at="2024-12-20T13:01:07 IST" duration-ms="3545" status="PASS">
          <reporter-output>
          </reporter-output>
        </test-method> <!-- afterMethod -->
        <test-method is-config="true" signature="beforeMethod()[pri:0, instance:test.BlogTest@6f45df59]" started-at="2024-12-20T13:01:07 IST" name="beforeMethod" finished-at="2024-12-20T13:01:16 IST" duration-ms="8852" status="PASS">
          <reporter-output>
          </reporter-output>
        </test-method> <!-- beforeMethod -->
        <test-method signature="TC010_Blog_Tab()[pri:10, instance:test.BlogTest@6f45df59]" started-at="2024-12-20T13:01:16 IST" name="TC010_Blog_Tab" finished-at="2024-12-20T13:01:22 IST" duration-ms="6592" status="PASS">
          <reporter-output>
          </reporter-output>
        </test-method> <!-- TC010_Blog_Tab -->
        <test-method is-config="true" signature="afterMethod()[pri:0, instance:test.BlogTest@6f45df59]" started-at="2024-12-20T13:01:22 IST" name="afterMethod" finished-at="2024-12-20T13:01:26 IST" duration-ms="3446" status="PASS">
          <reporter-output>
          </reporter-output>
        </test-method> <!-- afterMethod -->
        <test-method is-config="true" signature="beforeMethod()[pri:0, instance:test.BlogTest@6f45df59]" started-at="2024-12-20T13:01:26 IST" name="beforeMethod" finished-at="2024-12-20T13:01:34 IST" duration-ms="8176" status="PASS">
          <reporter-output>
          </reporter-output>
        </test-method> <!-- beforeMethod -->
        <test-method signature="TC11_Blog_Tab()[pri:11, instance:test.BlogTest@6f45df59]" started-at="2024-12-20T13:01:34 IST" name="TC11_Blog_Tab" finished-at="2024-12-20T13:01:37 IST" duration-ms="3510" status="PASS">
          <reporter-output>
          </reporter-output>
        </test-method> <!-- TC11_Blog_Tab -->
        <test-method is-config="true" signature="afterMethod()[pri:0, instance:test.BlogTest@6f45df59]" started-at="2024-12-20T13:01:37 IST" name="afterMethod" finished-at="2024-12-20T13:01:41 IST" duration-ms="3503" status="PASS">
          <reporter-output>
          </reporter-output>
        </test-method> <!-- afterMethod -->
        <test-method is-config="true" signature="beforeMethod()[pri:0, instance:test.BlogTest@6f45df59]" started-at="2024-12-20T13:01:41 IST" name="beforeMethod" finished-at="2024-12-20T13:01:49 IST" duration-ms="8317" status="PASS">
          <reporter-output>
          </reporter-output>
        </test-method> <!-- beforeMethod -->
        <test-method signature="TC12_Blog_Tab()[pri:12, instance:test.BlogTest@6f45df59]" started-at="2024-12-20T13:01:49 IST" name="TC12_Blog_Tab" finished-at="2024-12-20T13:01:55 IST" duration-ms="6163" status="PASS">
          <reporter-output>
          </reporter-output>
        </test-method> <!-- TC12_Blog_Tab -->
        <test-method is-config="true" signature="afterMethod()[pri:0, instance:test.BlogTest@6f45df59]" started-at="2024-12-20T13:01:55 IST" name="afterMethod" finished-at="2024-12-20T13:01:59 IST" duration-ms="3405" status="PASS">
          <reporter-output>
          </reporter-output>
        </test-method> <!-- afterMethod -->
        <test-method is-config="true" signature="beforeMethod()[pri:0, instance:test.BlogTest@6f45df59]" started-at="2024-12-20T13:01:59 IST" name="beforeMethod" finished-at="2024-12-20T13:02:08 IST" duration-ms="8831" status="PASS">
          <reporter-output>
          </reporter-output>
        </test-method> <!-- beforeMethod -->
        <test-method signature="TC13_Blog_Tab()[pri:13, instance:test.BlogTest@6f45df59]" started-at="2024-12-20T13:02:08 IST" name="TC13_Blog_Tab" finished-at="2024-12-20T13:02:11 IST" duration-ms="3492" status="PASS">
          <reporter-output>
          </reporter-output>
        </test-method> <!-- TC13_Blog_Tab -->
        <test-method is-config="true" signature="afterMethod()[pri:0, instance:test.BlogTest@6f45df59]" started-at="2024-12-20T13:02:11 IST" name="afterMethod" finished-at="2024-12-20T13:02:15 IST" duration-ms="3497" status="PASS">
          <reporter-output>
          </reporter-output>
        </test-method> <!-- afterMethod -->
        <test-method is-config="true" signature="beforeMethod()[pri:0, instance:test.BlogTest@6f45df59]" started-at="2024-12-20T13:02:15 IST" name="beforeMethod" finished-at="2024-12-20T13:02:23 IST" duration-ms="7925" status="PASS">
          <reporter-output>
          </reporter-output>
        </test-method> <!-- beforeMethod -->
        <test-method signature="TC14_Blog_Tab()[pri:14, instance:test.BlogTest@6f45df59]" started-at="2024-12-20T13:02:23 IST" name="TC14_Blog_Tab" finished-at="2024-12-20T13:02:29 IST" duration-ms="6813" status="PASS">
          <reporter-output>
          </reporter-output>
        </test-method> <!-- TC14_Blog_Tab -->
        <test-method is-config="true" signature="afterMethod()[pri:0, instance:test.BlogTest@6f45df59]" started-at="2024-12-20T13:02:29 IST" name="afterMethod" finished-at="2024-12-20T13:02:33 IST" duration-ms="3487" status="PASS">
          <reporter-output>
          </reporter-output>
        </test-method> <!-- afterMethod -->
        <test-method is-config="true" signature="beforeMethod()[pri:0, instance:test.BlogTest@6f45df59]" started-at="2024-12-20T13:02:33 IST" name="beforeMethod" finished-at="2024-12-20T13:02:41 IST" duration-ms="8543" status="PASS">
          <reporter-output>
          </reporter-output>
        </test-method> <!-- beforeMethod -->
        <test-method signature="TC15_Blog_Tab()[pri:15, instance:test.BlogTest@6f45df59]" started-at="2024-12-20T13:02:41 IST" name="TC15_Blog_Tab" finished-at="2024-12-20T13:02:45 IST" duration-ms="3845" status="PASS">
          <reporter-output>
          </reporter-output>
        </test-method> <!-- TC15_Blog_Tab -->
        <test-method is-config="true" signature="afterMethod()[pri:0, instance:test.BlogTest@6f45df59]" started-at="2024-12-20T13:02:45 IST" name="afterMethod" finished-at="2024-12-20T13:02:49 IST" duration-ms="3573" status="PASS">
          <reporter-output>
          </reporter-output>
        </test-method> <!-- afterMethod -->
        <test-method is-config="true" signature="beforeMethod()[pri:0, instance:test.BlogTest@6f45df59]" started-at="2024-12-20T13:02:49 IST" name="beforeMethod" finished-at="2024-12-20T13:02:57 IST" duration-ms="8206" status="PASS">
          <reporter-output>
          </reporter-output>
        </test-method> <!-- beforeMethod -->
        <test-method signature="TC16_Blog_Tab()[pri:16, instance:test.BlogTest@6f45df59]" started-at="2024-12-20T13:02:57 IST" name="TC16_Blog_Tab" finished-at="2024-12-20T13:03:04 IST" duration-ms="7056" status="PASS">
          <reporter-output>
          </reporter-output>
        </test-method> <!-- TC16_Blog_Tab -->
        <test-method is-config="true" signature="afterMethod()[pri:0, instance:test.BlogTest@6f45df59]" started-at="2024-12-20T13:03:04 IST" name="afterMethod" finished-at="2024-12-20T13:03:08 IST" duration-ms="3452" status="PASS">
          <reporter-output>
          </reporter-output>
        </test-method> <!-- afterMethod -->
        <test-method is-config="true" signature="beforeMethod()[pri:0, instance:test.BlogTest@6f45df59]" started-at="2024-12-20T13:03:08 IST" name="beforeMethod" finished-at="2024-12-20T13:03:16 IST" duration-ms="8902" status="PASS">
          <reporter-output>
          </reporter-output>
        </test-method> <!-- beforeMethod -->
        <test-method signature="TC17_Blog_Tab()[pri:17, instance:test.BlogTest@6f45df59]" started-at="2024-12-20T13:03:16 IST" name="TC17_Blog_Tab" finished-at="2024-12-20T13:03:20 IST" duration-ms="3481" status="PASS">
          <reporter-output>
          </reporter-output>
        </test-method> <!-- TC17_Blog_Tab -->
        <test-method is-config="true" signature="afterMethod()[pri:0, instance:test.BlogTest@6f45df59]" started-at="2024-12-20T13:03:20 IST" name="afterMethod" finished-at="2024-12-20T13:03:23 IST" duration-ms="3484" status="PASS">
          <reporter-output>
          </reporter-output>
        </test-method> <!-- afterMethod -->
        <test-method is-config="true" signature="beforeMethod()[pri:0, instance:test.BlogTest@6f45df59]" started-at="2024-12-20T13:03:23 IST" name="beforeMethod" finished-at="2024-12-20T13:03:33 IST" duration-ms="9233" status="PASS">
          <reporter-output>
          </reporter-output>
        </test-method> <!-- beforeMethod -->
        <test-method signature="TC18_Blog_Tab()[pri:18, instance:test.BlogTest@6f45df59]" started-at="2024-12-20T13:03:33 IST" name="TC18_Blog_Tab" finished-at="2024-12-20T13:03:40 IST" duration-ms="7210" status="PASS">
          <reporter-output>
          </reporter-output>
        </test-method> <!-- TC18_Blog_Tab -->
        <test-method is-config="true" signature="afterMethod()[pri:0, instance:test.BlogTest@6f45df59]" started-at="2024-12-20T13:03:40 IST" name="afterMethod" finished-at="2024-12-20T13:03:43 IST" duration-ms="3493" status="PASS">
          <reporter-output>
          </reporter-output>
        </test-method> <!-- afterMethod -->
        <test-method is-config="true" signature="beforeMethod()[pri:0, instance:test.BlogTest@6f45df59]" started-at="2024-12-20T13:03:43 IST" name="beforeMethod" finished-at="2024-12-20T13:03:52 IST" duration-ms="9105" status="PASS">
          <reporter-output>
          </reporter-output>
        </test-method> <!-- beforeMethod -->
        <test-method signature="TC19_Blog_Tab()[pri:19, instance:test.BlogTest@6f45df59]" started-at="2024-12-20T13:03:52 IST" name="TC19_Blog_Tab" finished-at="2024-12-20T13:03:56 IST" duration-ms="3426" status="PASS">
          <reporter-output>
          </reporter-output>
        </test-method> <!-- TC19_Blog_Tab -->
        <test-method is-config="true" signature="afterMethod()[pri:0, instance:test.BlogTest@6f45df59]" started-at="2024-12-20T13:03:56 IST" name="afterMethod" finished-at="2024-12-20T13:03:59 IST" duration-ms="3541" status="PASS">
          <reporter-output>
          </reporter-output>
        </test-method> <!-- afterMethod -->
        <test-method is-config="true" signature="beforeMethod()[pri:0, instance:test.BlogTest@6f45df59]" started-at="2024-12-20T13:03:59 IST" name="beforeMethod" finished-at="2024-12-20T13:04:08 IST" duration-ms="8782" status="PASS">
          <reporter-output>
          </reporter-output>
        </test-method> <!-- beforeMethod -->
        <test-method signature="TC20_Blog_Tab()[pri:20, instance:test.BlogTest@6f45df59]" started-at="2024-12-20T13:04:08 IST" name="TC20_Blog_Tab" finished-at="2024-12-20T13:04:15 IST" duration-ms="6755" status="PASS">
          <reporter-output>
          </reporter-output>
        </test-method> <!-- TC20_Blog_Tab -->
        <test-method is-config="true" signature="afterMethod()[pri:0, instance:test.BlogTest@6f45df59]" started-at="2024-12-20T13:04:15 IST" name="afterMethod" finished-at="2024-12-20T13:04:18 IST" duration-ms="3415" status="PASS">
          <reporter-output>
          </reporter-output>
        </test-method> <!-- afterMethod -->
        <test-method is-config="true" signature="beforeMethod()[pri:0, instance:test.BlogTest@6f45df59]" started-at="2024-12-20T13:04:18 IST" name="beforeMethod" finished-at="2024-12-20T13:04:27 IST" duration-ms="8932" status="PASS">
          <reporter-output>
          </reporter-output>
        </test-method> <!-- beforeMethod -->
        <test-method signature="TC21_Blog_Tab()[pri:21, instance:test.BlogTest@6f45df59]" started-at="2024-12-20T13:04:27 IST" name="TC21_Blog_Tab" finished-at="2024-12-20T13:04:34 IST" duration-ms="6465" status="PASS">
          <reporter-output>
          </reporter-output>
        </test-method> <!-- TC21_Blog_Tab -->
        <test-method is-config="true" signature="afterMethod()[pri:0, instance:test.BlogTest@6f45df59]" started-at="2024-12-20T13:04:34 IST" name="afterMethod" finished-at="2024-12-20T13:04:37 IST" duration-ms="3410" status="PASS">
          <reporter-output>
          </reporter-output>
        </test-method> <!-- afterMethod -->
        <test-method is-config="true" signature="beforeMethod()[pri:0, instance:test.BlogTest@6f45df59]" started-at="2024-12-20T13:04:37 IST" name="beforeMethod" finished-at="2024-12-20T13:04:46 IST" duration-ms="9028" status="PASS">
          <reporter-output>
          </reporter-output>
        </test-method> <!-- beforeMethod -->
        <test-method signature="TC22_Blog_Tab()[pri:22, instance:test.BlogTest@6f45df59]" started-at="2024-12-20T13:04:46 IST" name="TC22_Blog_Tab" finished-at="2024-12-20T13:04:50 IST" duration-ms="3416" status="PASS">
          <reporter-output>
          </reporter-output>
        </test-method> <!-- TC22_Blog_Tab -->
        <test-method is-config="true" signature="afterMethod()[pri:0, instance:test.BlogTest@6f45df59]" started-at="2024-12-20T13:04:50 IST" name="afterMethod" finished-at="2024-12-20T13:04:53 IST" duration-ms="3476" status="PASS">
          <reporter-output>
          </reporter-output>
        </test-method> <!-- afterMethod -->
      </class> <!-- test.BlogTest -->
      <class name="test.StartupTabTest">
        <test-method is-config="true" signature="beforeMethod()[pri:0, instance:test.StartupTabTest@58ea606c]" started-at="2024-12-20T12:41:05 IST" name="beforeMethod" finished-at="2024-12-20T12:41:14 IST" duration-ms="8165" status="PASS">
          <reporter-output>
          </reporter-output>
        </test-method> <!-- beforeMethod -->
        <test-method signature="TC_65_Startup_Tab()[pri:1, instance:test.StartupTabTest@58ea606c]" started-at="2024-12-20T12:41:14 IST" name="TC_65_Startup_Tab" finished-at="2024-12-20T12:41:20 IST" duration-ms="6363" status="PASS">
          <reporter-output>
          </reporter-output>
        </test-method> <!-- TC_65_Startup_Tab -->
        <test-method is-config="true" signature="afterMethod()[pri:0, instance:test.StartupTabTest@58ea606c]" started-at="2024-12-20T12:41:20 IST" name="afterMethod" finished-at="2024-12-20T12:41:23 IST" duration-ms="3377" status="PASS">
          <reporter-output>
          </reporter-output>
        </test-method> <!-- afterMethod -->
        <test-method is-config="true" signature="beforeMethod()[pri:0, instance:test.StartupTabTest@58ea606c]" started-at="2024-12-20T12:41:23 IST" name="beforeMethod" finished-at="2024-12-20T12:41:32 IST" duration-ms="9165" status="PASS">
          <reporter-output>
          </reporter-output>
        </test-method> <!-- beforeMethod -->
        <test-method signature="TC_66_Startup_Tab()[pri:2, instance:test.StartupTabTest@58ea606c]" started-at="2024-12-20T12:41:32 IST" name="TC_66_Startup_Tab" finished-at="2024-12-20T12:41:43 IST" depends-on-methods="test.StartupTabTest.TC_65_Startup_Tab" duration-ms="10621" status="PASS">
          <reporter-output>
          </reporter-output>
        </test-method> <!-- TC_66_Startup_Tab -->
        <test-method is-config="true" signature="afterMethod()[pri:0, instance:test.StartupTabTest@58ea606c]" started-at="2024-12-20T12:41:43 IST" name="afterMethod" finished-at="2024-12-20T12:41:47 IST" duration-ms="3628" status="PASS">
          <reporter-output>
          </reporter-output>
        </test-method> <!-- afterMethod -->
        <test-method is-config="true" signature="beforeMethod()[pri:0, instance:test.StartupTabTest@58ea606c]" started-at="2024-12-20T12:41:47 IST" name="beforeMethod" finished-at="2024-12-20T12:41:56 IST" duration-ms="8961" status="PASS">
          <reporter-output>
          </reporter-output>
        </test-method> <!-- beforeMethod -->
        <test-method retried="true" signature="TC_67_Startup_Tab()[pri:3, instance:test.StartupTabTest@58ea606c]" started-at="2024-12-20T12:41:56 IST" name="TC_67_Startup_Tab" finished-at="2024-12-20T12:42:06 IST" depends-on-methods="test.StartupTabTest.TC_66_Startup_Tab" duration-ms="10218" status="SKIP">
          <exception class="java.lang.AssertionError">
            <message>
              <![CDATA[The URL did not match! expected [https://x.com/intent/post?text=%E2%80%9CEven+if+we+do+not+talk+about+5G+%28specifically%29%2C+the+security+talent+in+general+in+the+country+is+very+sparse+at+the+moment.+We+need+to+get+more+%28security%29+professionals+in+the+system%E2%80%9D&url=https%3A%2F%2Fwww.magicgovern.ai%2Fhow-startups-are-cutting-cloud-costs-renegotiating-deals-with-service-providers%2F] but found [https://x.com/intent/post?text=%E2%80%9CEven%20if%20we%20do%20not%20talk%20about%205G%20(specifically)%2C%20the%20security%20talent%20in%20general%20in%20the%20country%20is%20very%20sparse%20at%20the%20moment.%20We%20need%20to%20get%20more%20(security)%20professionals%20in%20the%20system%E2%80%9D&url=https%3A%2F%2Fwww.magicgovern.ai%2Fhow-startups-are-cutting-cloud-costs-renegotiating-deals-with-service-providers%2F&mx=2]]]>
            </message>
            <full-stacktrace>
              <![CDATA[java.lang.AssertionError: The URL did not match! expected [https://x.com/intent/post?text=%E2%80%9CEven+if+we+do+not+talk+about+5G+%28specifically%29%2C+the+security+talent+in+general+in+the+country+is+very+sparse+at+the+moment.+We+need+to+get+more+%28security%29+professionals+in+the+system%E2%80%9D&url=https%3A%2F%2Fwww.magicgovern.ai%2Fhow-startups-are-cutting-cloud-costs-renegotiating-deals-with-service-providers%2F] but found [https://x.com/intent/post?text=%E2%80%9CEven%20if%20we%20do%20not%20talk%20about%205G%20(specifically)%2C%20the%20security%20talent%20in%20general%20in%20the%20country%20is%20very%20sparse%20at%20the%20moment.%20We%20need%20to%20get%20more%20(security)%20professionals%20in%20the%20system%E2%80%9D&url=https%3A%2F%2Fwww.magicgovern.ai%2Fhow-startups-are-cutting-cloud-costs-renegotiating-deals-with-service-providers%2F&mx=2]
at org.testng.Assert.fail(Assert.java:111)
at org.testng.Assert.failNotEquals(Assert.java:1578)
at org.testng.Assert.assertEqualsImpl(Assert.java:150)
at org.testng.Assert.assertEquals(Assert.java:132)
at org.testng.Assert.assertEquals(Assert.java:656)
at pages.StartupTabPage.verifyLink(StartupTabPage.java:52)
at test.StartupTabTest.TC_67_Startup_Tab(StartupTabTest.java:41)
at java.base/jdk.internal.reflect.DirectMethodHandleAccessor.invoke(DirectMethodHandleAccessor.java:103)
at java.base/java.lang.reflect.Method.invoke(Method.java:580)
at org.testng.internal.invokers.MethodInvocationHelper.invokeMethod(MethodInvocationHelper.java:141)
at org.testng.internal.invokers.TestInvoker.invokeMethod(TestInvoker.java:686)
at org.testng.internal.invokers.TestInvoker.invokeTestMethod(TestInvoker.java:230)
at org.testng.internal.invokers.MethodRunner.runInSequence(MethodRunner.java:63)
at org.testng.internal.invokers.TestInvoker$MethodInvocationAgent.invoke(TestInvoker.java:992)
at org.testng.internal.invokers.TestInvoker.invokeTestMethods(TestInvoker.java:203)
at org.testng.internal.invokers.TestMethodWorker.invokeTestMethods(TestMethodWorker.java:154)
at org.testng.internal.invokers.TestMethodWorker.run(TestMethodWorker.java:134)
at java.base/java.util.ArrayList.forEach(ArrayList.java:1597)
at org.testng.TestRunner.privateRun(TestRunner.java:739)
at org.testng.TestRunner.run(TestRunner.java:614)
at org.testng.SuiteRunner.runTest(SuiteRunner.java:421)
at org.testng.SuiteRunner.runSequentially(SuiteRunner.java:413)
at org.testng.SuiteRunner.privateRun(SuiteRunner.java:373)
at org.testng.SuiteRunner.run(SuiteRunner.java:312)
at org.testng.SuiteRunnerWorker.runSuite(SuiteRunnerWorker.java:52)
at org.testng.SuiteRunnerWorker.run(SuiteRunnerWorker.java:95)
at org.testng.TestNG.runSuitesSequentially(TestNG.java:1274)
at org.testng.TestNG.runSuitesLocally(TestNG.java:1208)
at org.testng.TestNG.runSuites(TestNG.java:1112)
at org.testng.TestNG.run(TestNG.java:1079)
at org.testng.remote.AbstractRemoteTestNG.run(AbstractRemoteTestNG.java:115)
at org.testng.remote.RemoteTestNG.initAndRun(RemoteTestNG.java:293)
at org.testng.remote.RemoteTestNG.main(RemoteTestNG.java:91)
]]>
            </full-stacktrace>
          </exception> <!-- java.lang.AssertionError -->
          <reporter-output>
          </reporter-output>
        </test-method> <!-- TC_67_Startup_Tab -->
        <test-method is-config="true" signature="afterMethod()[pri:0, instance:test.StartupTabTest@58ea606c]" started-at="2024-12-20T12:42:06 IST" name="afterMethod" finished-at="2024-12-20T12:42:09 IST" duration-ms="3459" status="PASS">
          <reporter-output>
          </reporter-output>
        </test-method> <!-- afterMethod -->
        <test-method is-config="true" signature="beforeMethod()[pri:0, instance:test.StartupTabTest@58ea606c]" started-at="2024-12-20T12:42:09 IST" name="beforeMethod" finished-at="2024-12-20T12:42:19 IST" duration-ms="9302" status="PASS">
          <reporter-output>
          </reporter-output>
        </test-method> <!-- beforeMethod -->
        <test-method signature="TC_67_Startup_Tab()[pri:3, instance:test.StartupTabTest@58ea606c]" started-at="2024-12-20T12:42:19 IST" name="TC_67_Startup_Tab" finished-at="2024-12-20T12:42:36 IST" depends-on-methods="test.StartupTabTest.TC_66_Startup_Tab" duration-ms="17058" status="PASS">
          <reporter-output>
          </reporter-output>
        </test-method> <!-- TC_67_Startup_Tab -->
        <test-method is-config="true" signature="afterMethod()[pri:0, instance:test.StartupTabTest@58ea606c]" started-at="2024-12-20T12:42:36 IST" name="afterMethod" finished-at="2024-12-20T12:42:39 IST" duration-ms="3568" status="PASS">
          <reporter-output>
          </reporter-output>
        </test-method> <!-- afterMethod -->
        <test-method is-config="true" signature="beforeMethod()[pri:0, instance:test.StartupTabTest@58ea606c]" started-at="2024-12-20T12:42:39 IST" name="beforeMethod" finished-at="2024-12-20T12:42:48 IST" duration-ms="9124" status="PASS">
          <reporter-output>
          </reporter-output>
        </test-method> <!-- beforeMethod -->
        <test-method signature="TC_68_Startup_Tab()[pri:4, instance:test.StartupTabTest@58ea606c]" started-at="2024-12-20T12:42:48 IST" name="TC_68_Startup_Tab" finished-at="2024-12-20T12:42:59 IST" depends-on-methods="test.StartupTabTest.TC_67_Startup_Tab" duration-ms="10157" status="PASS">
          <reporter-output>
          </reporter-output>
        </test-method> <!-- TC_68_Startup_Tab -->
        <test-method is-config="true" signature="afterMethod()[pri:0, instance:test.StartupTabTest@58ea606c]" started-at="2024-12-20T12:42:59 IST" name="afterMethod" finished-at="2024-12-20T12:43:02 IST" duration-ms="3486" status="PASS">
          <reporter-output>
          </reporter-output>
        </test-method> <!-- afterMethod -->
        <test-method is-config="true" signature="beforeMethod()[pri:0, instance:test.StartupTabTest@58ea606c]" started-at="2024-12-20T12:43:02 IST" name="beforeMethod" finished-at="2024-12-20T12:43:11 IST" duration-ms="8884" status="PASS">
          <reporter-output>
          </reporter-output>
        </test-method> <!-- beforeMethod -->
        <test-method signature="TC_69_Startup_Tab()[pri:5, instance:test.StartupTabTest@58ea606c]" started-at="2024-12-20T12:43:11 IST" name="TC_69_Startup_Tab" finished-at="2024-12-20T12:43:20 IST" depends-on-methods="test.StartupTabTest.TC_68_Startup_Tab" duration-ms="8841" status="PASS">
          <reporter-output>
          </reporter-output>
        </test-method> <!-- TC_69_Startup_Tab -->
        <test-method is-config="true" signature="afterMethod()[pri:0, instance:test.StartupTabTest@58ea606c]" started-at="2024-12-20T12:43:20 IST" name="afterMethod" finished-at="2024-12-20T12:43:23 IST" duration-ms="3565" status="PASS">
          <reporter-output>
          </reporter-output>
        </test-method> <!-- afterMethod -->
        <test-method is-config="true" signature="beforeMethod()[pri:0, instance:test.StartupTabTest@58ea606c]" started-at="2024-12-20T12:43:23 IST" name="beforeMethod" finished-at="2024-12-20T12:43:32 IST" duration-ms="8782" status="PASS">
          <reporter-output>
          </reporter-output>
        </test-method> <!-- beforeMethod -->
        <test-method signature="TC_70_Startup_Tab()[pri:6, instance:test.StartupTabTest@58ea606c]" started-at="2024-12-20T12:43:32 IST" name="TC_70_Startup_Tab" finished-at="2024-12-20T12:43:41 IST" depends-on-methods="test.StartupTabTest.TC_69_Startup_Tab" duration-ms="9069" status="PASS">
          <reporter-output>
          </reporter-output>
        </test-method> <!-- TC_70_Startup_Tab -->
        <test-method is-config="true" signature="afterMethod()[pri:0, instance:test.StartupTabTest@58ea606c]" started-at="2024-12-20T12:43:41 IST" name="afterMethod" finished-at="2024-12-20T12:43:45 IST" duration-ms="3499" status="PASS">
          <reporter-output>
          </reporter-output>
        </test-method> <!-- afterMethod -->
        <test-method is-config="true" signature="beforeMethod()[pri:0, instance:test.StartupTabTest@58ea606c]" started-at="2024-12-20T12:43:45 IST" name="beforeMethod" finished-at="2024-12-20T12:43:54 IST" duration-ms="8850" status="PASS">
          <reporter-output>
          </reporter-output>
        </test-method> <!-- beforeMethod -->
        <test-method signature="TC_71_Startup_Tab()[pri:7, instance:test.StartupTabTest@58ea606c]" started-at="2024-12-20T12:43:54 IST" name="TC_71_Startup_Tab" finished-at="2024-12-20T12:44:00 IST" depends-on-methods="test.StartupTabTest.TC_70_Startup_Tab" duration-ms="6515" status="PASS">
          <reporter-output>
          </reporter-output>
        </test-method> <!-- TC_71_Startup_Tab -->
        <test-method is-config="true" signature="afterMethod()[pri:0, instance:test.StartupTabTest@58ea606c]" started-at="2024-12-20T12:44:00 IST" name="afterMethod" finished-at="2024-12-20T12:44:03 IST" duration-ms="3400" status="PASS">
          <reporter-output>
          </reporter-output>
        </test-method> <!-- afterMethod -->
        <test-method is-config="true" signature="beforeMethod()[pri:0, instance:test.StartupTabTest@58ea606c]" started-at="2024-12-20T12:44:03 IST" name="beforeMethod" finished-at="2024-12-20T12:44:12 IST" duration-ms="9041" status="PASS">
          <reporter-output>
          </reporter-output>
        </test-method> <!-- beforeMethod -->
        <test-method signature="TC_72_Startup_Tab()[pri:8, instance:test.StartupTabTest@58ea606c]" started-at="2024-12-20T12:44:12 IST" name="TC_72_Startup_Tab" finished-at="2024-12-20T12:44:28 IST" depends-on-methods="test.StartupTabTest.TC_71_Startup_Tab" duration-ms="15224" status="PASS">
          <reporter-output>
          </reporter-output>
        </test-method> <!-- TC_72_Startup_Tab -->
        <test-method is-config="true" signature="afterMethod()[pri:0, instance:test.StartupTabTest@58ea606c]" started-at="2024-12-20T12:44:28 IST" name="afterMethod" finished-at="2024-12-20T12:44:31 IST" duration-ms="3511" status="PASS">
          <reporter-output>
          </reporter-output>
        </test-method> <!-- afterMethod -->
        <test-method is-config="true" signature="beforeMethod()[pri:0, instance:test.StartupTabTest@58ea606c]" started-at="2024-12-20T12:44:31 IST" name="beforeMethod" finished-at="2024-12-20T12:44:40 IST" duration-ms="8957" status="PASS">
          <reporter-output>
          </reporter-output>
        </test-method> <!-- beforeMethod -->
        <test-method signature="TC_73_Startup_Tab()[pri:9, instance:test.StartupTabTest@58ea606c]" started-at="2024-12-20T12:44:40 IST" name="TC_73_Startup_Tab" finished-at="2024-12-20T12:44:56 IST" depends-on-methods="test.StartupTabTest.TC_72_Startup_Tab" duration-ms="16125" status="PASS">
          <reporter-output>
          </reporter-output>
        </test-method> <!-- TC_73_Startup_Tab -->
        <test-method is-config="true" signature="afterMethod()[pri:0, instance:test.StartupTabTest@58ea606c]" started-at="2024-12-20T12:44:56 IST" name="afterMethod" finished-at="2024-12-20T12:45:00 IST" duration-ms="3492" status="PASS">
          <reporter-output>
          </reporter-output>
        </test-method> <!-- afterMethod -->
        <test-method is-config="true" signature="beforeMethod()[pri:0, instance:test.StartupTabTest@58ea606c]" started-at="2024-12-20T12:45:00 IST" name="beforeMethod" finished-at="2024-12-20T12:45:09 IST" duration-ms="8873" status="PASS">
          <reporter-output>
          </reporter-output>
        </test-method> <!-- beforeMethod -->
        <test-method signature="TC_74_Startup_Tab()[pri:10, instance:test.StartupTabTest@58ea606c]" started-at="2024-12-20T12:45:09 IST" name="TC_74_Startup_Tab" finished-at="2024-12-20T12:45:29 IST" depends-on-methods="test.StartupTabTest.TC_73_Startup_Tab" duration-ms="20048" status="PASS">
          <reporter-output>
          </reporter-output>
        </test-method> <!-- TC_74_Startup_Tab -->
        <test-method is-config="true" signature="afterMethod()[pri:0, instance:test.StartupTabTest@58ea606c]" started-at="2024-12-20T12:45:29 IST" name="afterMethod" finished-at="2024-12-20T12:45:32 IST" duration-ms="3485" status="PASS">
          <reporter-output>
          </reporter-output>
        </test-method> <!-- afterMethod -->
        <test-method is-config="true" signature="beforeMethod()[pri:0, instance:test.StartupTabTest@58ea606c]" started-at="2024-12-20T12:45:32 IST" name="beforeMethod" finished-at="2024-12-20T12:45:41 IST" duration-ms="8925" status="PASS">
          <reporter-output>
          </reporter-output>
        </test-method> <!-- beforeMethod -->
        <test-method signature="TC_75_Startup_Tab()[pri:11, instance:test.StartupTabTest@58ea606c]" started-at="2024-12-20T12:45:41 IST" name="TC_75_Startup_Tab" finished-at="2024-12-20T12:46:01 IST" depends-on-methods="test.StartupTabTest.TC_74_Startup_Tab" duration-ms="19936" status="PASS">
          <reporter-output>
          </reporter-output>
        </test-method> <!-- TC_75_Startup_Tab -->
        <test-method is-config="true" signature="afterMethod()[pri:0, instance:test.StartupTabTest@58ea606c]" started-at="2024-12-20T12:46:01 IST" name="afterMethod" finished-at="2024-12-20T12:46:05 IST" duration-ms="3497" status="PASS">
          <reporter-output>
          </reporter-output>
        </test-method> <!-- afterMethod -->
        <test-method is-config="true" signature="beforeMethod()[pri:0, instance:test.StartupTabTest@58ea606c]" started-at="2024-12-20T12:46:05 IST" name="beforeMethod" finished-at="2024-12-20T12:46:14 IST" duration-ms="8950" status="PASS">
          <reporter-output>
          </reporter-output>
        </test-method> <!-- beforeMethod -->
        <test-method signature="TC_76_Startup_Tab()[pri:12, instance:test.StartupTabTest@58ea606c]" started-at="2024-12-20T12:46:14 IST" name="TC_76_Startup_Tab" finished-at="2024-12-20T12:46:22 IST" depends-on-methods="test.StartupTabTest.TC_75_Startup_Tab" duration-ms="8683" status="PASS">
          <reporter-output>
          </reporter-output>
        </test-method> <!-- TC_76_Startup_Tab -->
        <test-method is-config="true" signature="afterMethod()[pri:0, instance:test.StartupTabTest@58ea606c]" started-at="2024-12-20T12:46:22 IST" name="afterMethod" finished-at="2024-12-20T12:46:26 IST" duration-ms="3490" status="PASS">
          <reporter-output>
          </reporter-output>
        </test-method> <!-- afterMethod -->
        <test-method is-config="true" signature="beforeMethod()[pri:0, instance:test.StartupTabTest@58ea606c]" started-at="2024-12-20T12:46:26 IST" name="beforeMethod" finished-at="2024-12-20T12:46:35 IST" duration-ms="8989" status="PASS">
          <reporter-output>
          </reporter-output>
        </test-method> <!-- beforeMethod -->
        <test-method signature="TC_77_Startup_Tab()[pri:13, instance:test.StartupTabTest@58ea606c]" started-at="2024-12-20T12:46:35 IST" name="TC_77_Startup_Tab" finished-at="2024-12-20T12:46:54 IST" depends-on-methods="test.StartupTabTest.TC_76_Startup_Tab" duration-ms="19391" status="PASS">
          <reporter-output>
          </reporter-output>
        </test-method> <!-- TC_77_Startup_Tab -->
        <test-method is-config="true" signature="afterMethod()[pri:0, instance:test.StartupTabTest@58ea606c]" started-at="2024-12-20T12:46:54 IST" name="afterMethod" finished-at="2024-12-20T12:46:58 IST" duration-ms="3468" status="PASS">
          <reporter-output>
          </reporter-output>
        </test-method> <!-- afterMethod -->
        <test-method is-config="true" signature="beforeMethod()[pri:0, instance:test.StartupTabTest@58ea606c]" started-at="2024-12-20T12:46:58 IST" name="beforeMethod" finished-at="2024-12-20T12:47:07 IST" duration-ms="9666" status="PASS">
          <reporter-output>
          </reporter-output>
        </test-method> <!-- beforeMethod -->
        <test-method signature="TC_77_a_Startup_Tab()[pri:14, instance:test.StartupTabTest@58ea606c]" started-at="2024-12-20T12:47:07 IST" name="TC_77_a_Startup_Tab" finished-at="2024-12-20T12:47:25 IST" depends-on-methods="test.StartupTabTest.TC_77_Startup_Tab" duration-ms="17613" status="PASS">
          <reporter-output>
          </reporter-output>
        </test-method> <!-- TC_77_a_Startup_Tab -->
        <test-method is-config="true" signature="afterMethod()[pri:0, instance:test.StartupTabTest@58ea606c]" started-at="2024-12-20T12:47:25 IST" name="afterMethod" finished-at="2024-12-20T12:47:28 IST" duration-ms="3566" status="PASS">
          <reporter-output>
          </reporter-output>
        </test-method> <!-- afterMethod -->
        <test-method is-config="true" signature="beforeMethod()[pri:0, instance:test.StartupTabTest@58ea606c]" started-at="2024-12-20T12:47:28 IST" name="beforeMethod" finished-at="2024-12-20T12:47:37 IST" duration-ms="8963" status="PASS">
          <reporter-output>
          </reporter-output>
        </test-method> <!-- beforeMethod -->
        <test-method signature="TC_78_Startup_Tab()[pri:15, instance:test.StartupTabTest@58ea606c]" started-at="2024-12-20T12:47:37 IST" name="TC_78_Startup_Tab" finished-at="2024-12-20T12:47:46 IST" depends-on-methods="test.StartupTabTest.TC_77_a_Startup_Tab" duration-ms="9131" status="PASS">
          <reporter-output>
          </reporter-output>
        </test-method> <!-- TC_78_Startup_Tab -->
        <test-method is-config="true" signature="afterMethod()[pri:0, instance:test.StartupTabTest@58ea606c]" started-at="2024-12-20T12:47:46 IST" name="afterMethod" finished-at="2024-12-20T12:47:50 IST" duration-ms="3444" status="PASS">
          <reporter-output>
          </reporter-output>
        </test-method> <!-- afterMethod -->
        <test-method is-config="true" signature="beforeMethod()[pri:0, instance:test.StartupTabTest@58ea606c]" started-at="2024-12-20T12:47:50 IST" name="beforeMethod" finished-at="2024-12-20T12:47:59 IST" duration-ms="8729" status="PASS">
          <reporter-output>
          </reporter-output>
        </test-method> <!-- beforeMethod -->
        <test-method signature="TC_79_Startup_Tab()[pri:16, instance:test.StartupTabTest@58ea606c]" started-at="2024-12-20T12:47:59 IST" name="TC_79_Startup_Tab" finished-at="2024-12-20T12:48:08 IST" depends-on-methods="test.StartupTabTest.TC_78_Startup_Tab" duration-ms="9445" status="PASS">
          <reporter-output>
          </reporter-output>
        </test-method> <!-- TC_79_Startup_Tab -->
        <test-method is-config="true" signature="afterMethod()[pri:0, instance:test.StartupTabTest@58ea606c]" started-at="2024-12-20T12:48:08 IST" name="afterMethod" finished-at="2024-12-20T12:48:12 IST" duration-ms="3424" status="PASS">
          <reporter-output>
          </reporter-output>
        </test-method> <!-- afterMethod -->
        <test-method is-config="true" signature="beforeMethod()[pri:0, instance:test.StartupTabTest@58ea606c]" started-at="2024-12-20T12:48:12 IST" name="beforeMethod" finished-at="2024-12-20T12:48:20 IST" duration-ms="8930" status="PASS">
          <reporter-output>
          </reporter-output>
        </test-method> <!-- beforeMethod -->
        <test-method signature="TC_80_Startup_Tab()[pri:17, instance:test.StartupTabTest@58ea606c]" started-at="2024-12-20T12:48:20 IST" name="TC_80_Startup_Tab" finished-at="2024-12-20T12:48:30 IST" depends-on-methods="test.StartupTabTest.TC_79_Startup_Tab" duration-ms="9137" status="PASS">
          <reporter-output>
          </reporter-output>
        </test-method> <!-- TC_80_Startup_Tab -->
        <test-method is-config="true" signature="afterMethod()[pri:0, instance:test.StartupTabTest@58ea606c]" started-at="2024-12-20T12:48:30 IST" name="afterMethod" finished-at="2024-12-20T12:48:33 IST" duration-ms="3463" status="PASS">
          <reporter-output>
          </reporter-output>
        </test-method> <!-- afterMethod -->
        <test-method is-config="true" signature="beforeMethod()[pri:0, instance:test.StartupTabTest@58ea606c]" started-at="2024-12-20T12:48:33 IST" name="beforeMethod" finished-at="2024-12-20T12:48:42 IST" duration-ms="8631" status="PASS">
          <reporter-output>
          </reporter-output>
        </test-method> <!-- beforeMethod -->
        <test-method signature="TC_81_Startup_Tab()[pri:18, instance:test.StartupTabTest@58ea606c]" started-at="2024-12-20T12:48:42 IST" name="TC_81_Startup_Tab" finished-at="2024-12-20T12:48:51 IST" depends-on-methods="test.StartupTabTest.TC_80_Startup_Tab" duration-ms="8906" status="PASS">
          <reporter-output>
          </reporter-output>
        </test-method> <!-- TC_81_Startup_Tab -->
        <test-method is-config="true" signature="afterMethod()[pri:0, instance:test.StartupTabTest@58ea606c]" started-at="2024-12-20T12:48:51 IST" name="afterMethod" finished-at="2024-12-20T12:48:54 IST" duration-ms="3450" status="PASS">
          <reporter-output>
          </reporter-output>
        </test-method> <!-- afterMethod -->
        <test-method is-config="true" signature="beforeMethod()[pri:0, instance:test.StartupTabTest@58ea606c]" started-at="2024-12-20T12:48:54 IST" name="beforeMethod" finished-at="2024-12-20T12:49:03 IST" duration-ms="9092" status="PASS">
          <reporter-output>
          </reporter-output>
        </test-method> <!-- beforeMethod -->
        <test-method signature="TC_82_Startup_Tab()[pri:19, instance:test.StartupTabTest@58ea606c]" started-at="2024-12-20T12:49:03 IST" name="TC_82_Startup_Tab" finished-at="2024-12-20T12:49:12 IST" depends-on-methods="test.StartupTabTest.TC_81_Startup_Tab" duration-ms="9035" status="PASS">
          <reporter-output>
          </reporter-output>
        </test-method> <!-- TC_82_Startup_Tab -->
        <test-method is-config="true" signature="afterMethod()[pri:0, instance:test.StartupTabTest@58ea606c]" started-at="2024-12-20T12:49:12 IST" name="afterMethod" finished-at="2024-12-20T12:49:16 IST" duration-ms="3417" status="PASS">
          <reporter-output>
          </reporter-output>
        </test-method> <!-- afterMethod -->
        <test-method is-config="true" signature="beforeMethod()[pri:0, instance:test.StartupTabTest@58ea606c]" started-at="2024-12-20T12:49:16 IST" name="beforeMethod" finished-at="2024-12-20T12:49:24 IST" duration-ms="8894" status="PASS">
          <reporter-output>
          </reporter-output>
        </test-method> <!-- beforeMethod -->
        <test-method signature="TC_83_Startup_Tab()[pri:20, instance:test.StartupTabTest@58ea606c]" started-at="2024-12-20T12:49:24 IST" name="TC_83_Startup_Tab" finished-at="2024-12-20T12:49:34 IST" depends-on-methods="test.StartupTabTest.TC_82_Startup_Tab" duration-ms="9041" status="PASS">
          <reporter-output>
          </reporter-output>
        </test-method> <!-- TC_83_Startup_Tab -->
        <test-method is-config="true" signature="afterMethod()[pri:0, instance:test.StartupTabTest@58ea606c]" started-at="2024-12-20T12:49:34 IST" name="afterMethod" finished-at="2024-12-20T12:49:37 IST" duration-ms="3494" status="PASS">
          <reporter-output>
          </reporter-output>
        </test-method> <!-- afterMethod -->
        <test-method is-config="true" signature="beforeMethod()[pri:0, instance:test.StartupTabTest@58ea606c]" started-at="2024-12-20T12:49:37 IST" name="beforeMethod" finished-at="2024-12-20T12:49:46 IST" duration-ms="8864" status="PASS">
          <reporter-output>
          </reporter-output>
        </test-method> <!-- beforeMethod -->
        <test-method signature="TC_84_Startup_Tab()[pri:21, instance:test.StartupTabTest@58ea606c]" started-at="2024-12-20T12:49:46 IST" name="TC_84_Startup_Tab" finished-at="2024-12-20T12:49:55 IST" depends-on-methods="test.StartupTabTest.TC_83_Startup_Tab" duration-ms="9119" status="PASS">
          <reporter-output>
          </reporter-output>
        </test-method> <!-- TC_84_Startup_Tab -->
        <test-method is-config="true" signature="afterMethod()[pri:0, instance:test.StartupTabTest@58ea606c]" started-at="2024-12-20T12:49:55 IST" name="afterMethod" finished-at="2024-12-20T12:49:58 IST" duration-ms="3419" status="PASS">
          <reporter-output>
          </reporter-output>
        </test-method> <!-- afterMethod -->
        <test-method is-config="true" signature="beforeMethod()[pri:0, instance:test.StartupTabTest@58ea606c]" started-at="2024-12-20T12:49:58 IST" name="beforeMethod" finished-at="2024-12-20T12:50:08 IST" duration-ms="9121" status="PASS">
          <reporter-output>
          </reporter-output>
        </test-method> <!-- beforeMethod -->
        <test-method signature="TC_85_Startup_Tab()[pri:22, instance:test.StartupTabTest@58ea606c]" started-at="2024-12-20T12:50:08 IST" name="TC_85_Startup_Tab" finished-at="2024-12-20T12:50:20 IST" depends-on-methods="test.StartupTabTest.TC_84_Startup_Tab" duration-ms="12675" status="PASS">
          <reporter-output>
          </reporter-output>
        </test-method> <!-- TC_85_Startup_Tab -->
        <test-method is-config="true" signature="afterMethod()[pri:0, instance:test.StartupTabTest@58ea606c]" started-at="2024-12-20T12:50:20 IST" name="afterMethod" finished-at="2024-12-20T12:50:24 IST" duration-ms="3435" status="PASS">
          <reporter-output>
          </reporter-output>
        </test-method> <!-- afterMethod -->
        <test-method is-config="true" signature="beforeMethod()[pri:0, instance:test.StartupTabTest@58ea606c]" started-at="2024-12-20T12:50:24 IST" name="beforeMethod" finished-at="2024-12-20T12:50:32 IST" duration-ms="8721" status="PASS">
          <reporter-output>
          </reporter-output>
        </test-method> <!-- beforeMethod -->
        <test-method signature="TC_86_Startup_Tab()[pri:23, instance:test.StartupTabTest@58ea606c]" started-at="2024-12-20T12:50:32 IST" name="TC_86_Startup_Tab" finished-at="2024-12-20T12:50:41 IST" depends-on-methods="test.StartupTabTest.TC_85_Startup_Tab" duration-ms="9053" status="PASS">
          <reporter-output>
          </reporter-output>
        </test-method> <!-- TC_86_Startup_Tab -->
        <test-method is-config="true" signature="afterMethod()[pri:0, instance:test.StartupTabTest@58ea606c]" started-at="2024-12-20T12:50:41 IST" name="afterMethod" finished-at="2024-12-20T12:50:45 IST" duration-ms="3460" status="PASS">
          <reporter-output>
          </reporter-output>
        </test-method> <!-- afterMethod -->
        <test-method is-config="true" signature="beforeMethod()[pri:0, instance:test.StartupTabTest@58ea606c]" started-at="2024-12-20T12:50:45 IST" name="beforeMethod" finished-at="2024-12-20T12:50:54 IST" duration-ms="8777" status="PASS">
          <reporter-output>
          </reporter-output>
        </test-method> <!-- beforeMethod -->
        <test-method signature="TC_87_Startup_Tab()[pri:24, instance:test.StartupTabTest@58ea606c]" started-at="2024-12-20T12:50:54 IST" name="TC_87_Startup_Tab" finished-at="2024-12-20T12:51:03 IST" depends-on-methods="test.StartupTabTest.TC_86_Startup_Tab" duration-ms="9144" status="PASS">
          <reporter-output>
          </reporter-output>
        </test-method> <!-- TC_87_Startup_Tab -->
        <test-method is-config="true" signature="afterMethod()[pri:0, instance:test.StartupTabTest@58ea606c]" started-at="2024-12-20T12:51:03 IST" name="afterMethod" finished-at="2024-12-20T12:51:06 IST" duration-ms="3515" status="PASS">
          <reporter-output>
          </reporter-output>
        </test-method> <!-- afterMethod -->
        <test-method is-config="true" signature="beforeMethod()[pri:0, instance:test.StartupTabTest@58ea606c]" started-at="2024-12-20T12:51:06 IST" name="beforeMethod" finished-at="2024-12-20T12:51:15 IST" duration-ms="9113" status="PASS">
          <reporter-output>
          </reporter-output>
        </test-method> <!-- beforeMethod -->
        <test-method signature="TC_88_Startup_Tab()[pri:25, instance:test.StartupTabTest@58ea606c]" started-at="2024-12-20T12:51:15 IST" name="TC_88_Startup_Tab" finished-at="2024-12-20T12:51:25 IST" depends-on-methods="test.StartupTabTest.TC_87_Startup_Tab" duration-ms="9290" status="PASS">
          <reporter-output>
          </reporter-output>
        </test-method> <!-- TC_88_Startup_Tab -->
        <test-method is-config="true" signature="afterMethod()[pri:0, instance:test.StartupTabTest@58ea606c]" started-at="2024-12-20T12:51:25 IST" name="afterMethod" finished-at="2024-12-20T12:51:28 IST" duration-ms="3517" status="PASS">
          <reporter-output>
          </reporter-output>
        </test-method> <!-- afterMethod -->
        <test-method is-config="true" signature="beforeMethod()[pri:0, instance:test.StartupTabTest@58ea606c]" started-at="2024-12-20T12:51:28 IST" name="beforeMethod" finished-at="2024-12-20T12:51:37 IST" duration-ms="8927" status="PASS">
          <reporter-output>
          </reporter-output>
        </test-method> <!-- beforeMethod -->
        <test-method signature="TC_89_Startup_Tab()[pri:26, instance:test.StartupTabTest@58ea606c]" started-at="2024-12-20T12:51:37 IST" name="TC_89_Startup_Tab" finished-at="2024-12-20T12:51:46 IST" depends-on-methods="test.StartupTabTest.TC_88_Startup_Tab" duration-ms="8869" status="PASS">
          <reporter-output>
          </reporter-output>
        </test-method> <!-- TC_89_Startup_Tab -->
        <test-method is-config="true" signature="afterMethod()[pri:0, instance:test.StartupTabTest@58ea606c]" started-at="2024-12-20T12:51:46 IST" name="afterMethod" finished-at="2024-12-20T12:51:50 IST" duration-ms="3504" status="PASS">
          <reporter-output>
          </reporter-output>
        </test-method> <!-- afterMethod -->
        <test-method is-config="true" signature="beforeMethod()[pri:0, instance:test.StartupTabTest@58ea606c]" started-at="2024-12-20T12:51:50 IST" name="beforeMethod" finished-at="2024-12-20T12:51:59 IST" duration-ms="9774" status="PASS">
          <reporter-output>
          </reporter-output>
        </test-method> <!-- beforeMethod -->
        <test-method signature="TC_90_Startup_Tab()[pri:27, instance:test.StartupTabTest@58ea606c]" started-at="2024-12-20T12:51:59 IST" name="TC_90_Startup_Tab" finished-at="2024-12-20T12:52:11 IST" depends-on-methods="test.StartupTabTest.TC_89_Startup_Tab" duration-ms="11638" status="PASS">
          <reporter-output>
          </reporter-output>
        </test-method> <!-- TC_90_Startup_Tab -->
        <test-method is-config="true" signature="afterMethod()[pri:0, instance:test.StartupTabTest@58ea606c]" started-at="2024-12-20T12:52:11 IST" name="afterMethod" finished-at="2024-12-20T12:52:14 IST" duration-ms="3491" status="PASS">
          <reporter-output>
          </reporter-output>
        </test-method> <!-- afterMethod -->
        <test-method is-config="true" signature="beforeMethod()[pri:0, instance:test.StartupTabTest@58ea606c]" started-at="2024-12-20T12:52:14 IST" name="beforeMethod" finished-at="2024-12-20T12:52:23 IST" duration-ms="8990" status="PASS">
          <reporter-output>
          </reporter-output>
        </test-method> <!-- beforeMethod -->
        <test-method signature="TC_91_Startup_Tab()[pri:28, instance:test.StartupTabTest@58ea606c]" started-at="2024-12-20T12:52:23 IST" name="TC_91_Startup_Tab" finished-at="2024-12-20T12:52:32 IST" depends-on-methods="test.StartupTabTest.TC_90_Startup_Tab" duration-ms="8946" status="PASS">
          <reporter-output>
          </reporter-output>
        </test-method> <!-- TC_91_Startup_Tab -->
        <test-method is-config="true" signature="afterMethod()[pri:0, instance:test.StartupTabTest@58ea606c]" started-at="2024-12-20T12:52:32 IST" name="afterMethod" finished-at="2024-12-20T12:52:36 IST" duration-ms="3535" status="PASS">
          <reporter-output>
          </reporter-output>
        </test-method> <!-- afterMethod -->
        <test-method is-config="true" signature="beforeMethod()[pri:0, instance:test.StartupTabTest@58ea606c]" started-at="2024-12-20T12:52:36 IST" name="beforeMethod" finished-at="2024-12-20T12:52:45 IST" duration-ms="9402" status="PASS">
          <reporter-output>
          </reporter-output>
        </test-method> <!-- beforeMethod -->
        <test-method signature="TC_92_Startup_Tab()[pri:29, instance:test.StartupTabTest@58ea606c]" started-at="2024-12-20T12:52:45 IST" name="TC_92_Startup_Tab" finished-at="2024-12-20T12:52:54 IST" depends-on-methods="test.StartupTabTest.TC_91_Startup_Tab" duration-ms="8551" status="PASS">
          <reporter-output>
          </reporter-output>
        </test-method> <!-- TC_92_Startup_Tab -->
        <test-method is-config="true" signature="afterMethod()[pri:0, instance:test.StartupTabTest@58ea606c]" started-at="2024-12-20T12:52:54 IST" name="afterMethod" finished-at="2024-12-20T12:52:57 IST" duration-ms="3455" status="PASS">
          <reporter-output>
          </reporter-output>
        </test-method> <!-- afterMethod -->
        <test-method is-config="true" signature="beforeMethod()[pri:0, instance:test.StartupTabTest@58ea606c]" started-at="2024-12-20T12:52:57 IST" name="beforeMethod" finished-at="2024-12-20T12:53:07 IST" duration-ms="9509" status="PASS">
          <reporter-output>
          </reporter-output>
        </test-method> <!-- beforeMethod -->
        <test-method signature="TC_93_Startup_Tab()[pri:30, instance:test.StartupTabTest@58ea606c]" started-at="2024-12-20T12:53:07 IST" name="TC_93_Startup_Tab" finished-at="2024-12-20T12:53:16 IST" depends-on-methods="test.StartupTabTest.TC_92_Startup_Tab" duration-ms="8798" status="PASS">
          <reporter-output>
          </reporter-output>
        </test-method> <!-- TC_93_Startup_Tab -->
        <test-method is-config="true" signature="afterMethod()[pri:0, instance:test.StartupTabTest@58ea606c]" started-at="2024-12-20T12:53:16 IST" name="afterMethod" finished-at="2024-12-20T12:53:19 IST" duration-ms="3442" status="PASS">
          <reporter-output>
          </reporter-output>
        </test-method> <!-- afterMethod -->
        <test-method is-config="true" signature="beforeMethod()[pri:0, instance:test.StartupTabTest@58ea606c]" started-at="2024-12-20T12:53:19 IST" name="beforeMethod" finished-at="2024-12-20T12:53:28 IST" duration-ms="8918" status="PASS">
          <reporter-output>
          </reporter-output>
        </test-method> <!-- beforeMethod -->
        <test-method signature="TC_94_Startup_Tab()[pri:31, instance:test.StartupTabTest@58ea606c]" started-at="2024-12-20T12:53:28 IST" name="TC_94_Startup_Tab" finished-at="2024-12-20T12:53:38 IST" depends-on-methods="test.StartupTabTest.TC_93_Startup_Tab" duration-ms="9916" status="PASS">
          <reporter-output>
          </reporter-output>
        </test-method> <!-- TC_94_Startup_Tab -->
        <test-method is-config="true" signature="afterMethod()[pri:0, instance:test.StartupTabTest@58ea606c]" started-at="2024-12-20T12:53:38 IST" name="afterMethod" finished-at="2024-12-20T12:53:41 IST" duration-ms="3410" status="PASS">
          <reporter-output>
          </reporter-output>
        </test-method> <!-- afterMethod -->
        <test-method is-config="true" signature="beforeMethod()[pri:0, instance:test.StartupTabTest@58ea606c]" started-at="2024-12-20T12:53:41 IST" name="beforeMethod" finished-at="2024-12-20T12:53:50 IST" duration-ms="9015" status="PASS">
          <reporter-output>
          </reporter-output>
        </test-method> <!-- beforeMethod -->
        <test-method signature="TC_95_Startup_Tab()[pri:32, instance:test.StartupTabTest@58ea606c]" started-at="2024-12-20T12:53:50 IST" name="TC_95_Startup_Tab" finished-at="2024-12-20T12:54:00 IST" depends-on-methods="test.StartupTabTest.TC_94_Startup_Tab" duration-ms="9602" status="PASS">
          <reporter-output>
          </reporter-output>
        </test-method> <!-- TC_95_Startup_Tab -->
        <test-method is-config="true" signature="afterMethod()[pri:0, instance:test.StartupTabTest@58ea606c]" started-at="2024-12-20T12:54:00 IST" name="afterMethod" finished-at="2024-12-20T12:54:03 IST" duration-ms="3470" status="PASS">
          <reporter-output>
          </reporter-output>
        </test-method> <!-- afterMethod -->
        <test-method is-config="true" signature="beforeMethod()[pri:0, instance:test.StartupTabTest@58ea606c]" started-at="2024-12-20T12:54:03 IST" name="beforeMethod" finished-at="2024-12-20T12:54:12 IST" duration-ms="9058" status="PASS">
          <reporter-output>
          </reporter-output>
        </test-method> <!-- beforeMethod -->
        <test-method signature="TC_96_Startup_Tab()[pri:33, instance:test.StartupTabTest@58ea606c]" started-at="2024-12-20T12:54:12 IST" name="TC_96_Startup_Tab" finished-at="2024-12-20T12:54:25 IST" depends-on-methods="test.StartupTabTest.TC_95_Startup_Tab" duration-ms="12673" status="PASS">
          <reporter-output>
          </reporter-output>
        </test-method> <!-- TC_96_Startup_Tab -->
        <test-method is-config="true" signature="afterMethod()[pri:0, instance:test.StartupTabTest@58ea606c]" started-at="2024-12-20T12:54:25 IST" name="afterMethod" finished-at="2024-12-20T12:54:29 IST" duration-ms="3458" status="PASS">
          <reporter-output>
          </reporter-output>
        </test-method> <!-- afterMethod -->
        <test-method is-config="true" signature="beforeMethod()[pri:0, instance:test.StartupTabTest@58ea606c]" started-at="2024-12-20T12:54:29 IST" name="beforeMethod" finished-at="2024-12-20T12:54:38 IST" duration-ms="9530" status="PASS">
          <reporter-output>
          </reporter-output>
        </test-method> <!-- beforeMethod -->
        <test-method signature="TC_97_Startup_Tab()[pri:34, instance:test.StartupTabTest@58ea606c]" started-at="2024-12-20T12:54:38 IST" name="TC_97_Startup_Tab" finished-at="2024-12-20T12:54:45 IST" depends-on-methods="test.StartupTabTest.TC_96_Startup_Tab" duration-ms="6581" status="PASS">
          <reporter-output>
          </reporter-output>
        </test-method> <!-- TC_97_Startup_Tab -->
        <test-method is-config="true" signature="afterMethod()[pri:0, instance:test.StartupTabTest@58ea606c]" started-at="2024-12-20T12:54:45 IST" name="afterMethod" finished-at="2024-12-20T12:54:48 IST" duration-ms="3459" status="PASS">
          <reporter-output>
          </reporter-output>
        </test-method> <!-- afterMethod -->
        <test-method is-config="true" signature="beforeMethod()[pri:0, instance:test.StartupTabTest@58ea606c]" started-at="2024-12-20T12:54:48 IST" name="beforeMethod" finished-at="2024-12-20T12:54:56 IST" duration-ms="8165" status="PASS">
          <reporter-output>
          </reporter-output>
        </test-method> <!-- beforeMethod -->
        <test-method signature="TC_98_Startup_Tab()[pri:35, instance:test.StartupTabTest@58ea606c]" started-at="2024-12-20T12:54:56 IST" name="TC_98_Startup_Tab" finished-at="2024-12-20T12:55:03 IST" depends-on-methods="test.StartupTabTest.TC_97_Startup_Tab" duration-ms="7056" status="PASS">
          <reporter-output>
          </reporter-output>
        </test-method> <!-- TC_98_Startup_Tab -->
        <test-method is-config="true" signature="afterMethod()[pri:0, instance:test.StartupTabTest@58ea606c]" started-at="2024-12-20T12:55:03 IST" name="afterMethod" finished-at="2024-12-20T12:55:07 IST" duration-ms="3466" status="PASS">
          <reporter-output>
          </reporter-output>
        </test-method> <!-- afterMethod -->
        <test-method is-config="true" signature="beforeMethod()[pri:0, instance:test.StartupTabTest@58ea606c]" started-at="2024-12-20T12:55:07 IST" name="beforeMethod" finished-at="2024-12-20T12:55:16 IST" duration-ms="8857" status="PASS">
          <reporter-output>
          </reporter-output>
        </test-method> <!-- beforeMethod -->
        <test-method signature="TC_99_Startup_Tab()[pri:36, instance:test.StartupTabTest@58ea606c]" started-at="2024-12-20T12:55:16 IST" name="TC_99_Startup_Tab" finished-at="2024-12-20T12:55:23 IST" depends-on-methods="test.StartupTabTest.TC_98_Startup_Tab" duration-ms="6969" status="PASS">
          <reporter-output>
          </reporter-output>
        </test-method> <!-- TC_99_Startup_Tab -->
        <test-method is-config="true" signature="afterMethod()[pri:0, instance:test.StartupTabTest@58ea606c]" started-at="2024-12-20T12:55:23 IST" name="afterMethod" finished-at="2024-12-20T12:55:26 IST" duration-ms="3547" status="PASS">
          <reporter-output>
          </reporter-output>
        </test-method> <!-- afterMethod -->
        <test-method is-config="true" signature="beforeMethod()[pri:0, instance:test.StartupTabTest@58ea606c]" started-at="2024-12-20T12:55:26 IST" name="beforeMethod" finished-at="2024-12-20T12:55:35 IST" duration-ms="8832" status="PASS">
          <reporter-output>
          </reporter-output>
        </test-method> <!-- beforeMethod -->
        <test-method signature="TC_100_Startup_Tab()[pri:37, instance:test.StartupTabTest@58ea606c]" started-at="2024-12-20T12:55:35 IST" name="TC_100_Startup_Tab" finished-at="2024-12-20T12:55:44 IST" depends-on-methods="test.StartupTabTest.TC_99_Startup_Tab" duration-ms="9076" status="PASS">
          <reporter-output>
          </reporter-output>
        </test-method> <!-- TC_100_Startup_Tab -->
        <test-method is-config="true" signature="afterMethod()[pri:0, instance:test.StartupTabTest@58ea606c]" started-at="2024-12-20T12:55:44 IST" name="afterMethod" finished-at="2024-12-20T12:55:48 IST" duration-ms="3461" status="PASS">
          <reporter-output>
          </reporter-output>
        </test-method> <!-- afterMethod -->
        <test-method is-config="true" signature="beforeMethod()[pri:0, instance:test.StartupTabTest@58ea606c]" started-at="2024-12-20T12:55:48 IST" name="beforeMethod" finished-at="2024-12-20T12:55:57 IST" duration-ms="8908" status="PASS">
          <reporter-output>
          </reporter-output>
        </test-method> <!-- beforeMethod -->
        <test-method signature="TC_101_Startup_Tab()[pri:38, instance:test.StartupTabTest@58ea606c]" started-at="2024-12-20T12:55:57 IST" name="TC_101_Startup_Tab" finished-at="2024-12-20T12:56:05 IST" depends-on-methods="test.StartupTabTest.TC_100_Startup_Tab" duration-ms="8267" status="PASS">
          <reporter-output>
          </reporter-output>
        </test-method> <!-- TC_101_Startup_Tab -->
        <test-method is-config="true" signature="afterMethod()[pri:0, instance:test.StartupTabTest@58ea606c]" started-at="2024-12-20T12:56:05 IST" name="afterMethod" finished-at="2024-12-20T12:56:08 IST" duration-ms="3653" status="PASS">
          <reporter-output>
          </reporter-output>
        </test-method> <!-- afterMethod -->
        <test-method is-config="true" signature="beforeMethod()[pri:0, instance:test.StartupTabTest@58ea606c]" started-at="2024-12-20T12:56:08 IST" name="beforeMethod" finished-at="2024-12-20T12:56:18 IST" duration-ms="9420" status="PASS">
          <reporter-output>
          </reporter-output>
        </test-method> <!-- beforeMethod -->
        <test-method signature="TC_102_Startup_Tab()[pri:39, instance:test.StartupTabTest@58ea606c]" started-at="2024-12-20T12:56:18 IST" name="TC_102_Startup_Tab" finished-at="2024-12-20T12:56:24 IST" depends-on-methods="test.StartupTabTest.TC_101_Startup_Tab" duration-ms="6539" status="PASS">
          <reporter-output>
          </reporter-output>
        </test-method> <!-- TC_102_Startup_Tab -->
        <test-method is-config="true" signature="afterMethod()[pri:0, instance:test.StartupTabTest@58ea606c]" started-at="2024-12-20T12:56:24 IST" name="afterMethod" finished-at="2024-12-20T12:56:28 IST" duration-ms="3526" status="PASS">
          <reporter-output>
          </reporter-output>
        </test-method> <!-- afterMethod -->
        <test-method is-config="true" signature="beforeMethod()[pri:0, instance:test.StartupTabTest@58ea606c]" started-at="2024-12-20T12:56:28 IST" name="beforeMethod" finished-at="2024-12-20T12:56:37 IST" duration-ms="9048" status="PASS">
          <reporter-output>
          </reporter-output>
        </test-method> <!-- beforeMethod -->
        <test-method signature="TC_103_Startup_Tab()[pri:40, instance:test.StartupTabTest@58ea606c]" started-at="2024-12-20T12:56:37 IST" name="TC_103_Startup_Tab" finished-at="2024-12-20T12:56:45 IST" depends-on-methods="test.StartupTabTest.TC_102_Startup_Tab" duration-ms="8382" status="PASS">
          <reporter-output>
          </reporter-output>
        </test-method> <!-- TC_103_Startup_Tab -->
        <test-method is-config="true" signature="afterMethod()[pri:0, instance:test.StartupTabTest@58ea606c]" started-at="2024-12-20T12:56:45 IST" name="afterMethod" finished-at="2024-12-20T12:56:49 IST" duration-ms="3648" status="PASS">
          <reporter-output>
          </reporter-output>
        </test-method> <!-- afterMethod -->
        <test-method is-config="true" signature="beforeMethod()[pri:0, instance:test.StartupTabTest@58ea606c]" started-at="2024-12-20T12:56:49 IST" name="beforeMethod" finished-at="2024-12-20T12:56:58 IST" duration-ms="8697" status="PASS">
          <reporter-output>
          </reporter-output>
        </test-method> <!-- beforeMethod -->
        <test-method signature="TC_103_a_Startup_Tab()[pri:41, instance:test.StartupTabTest@58ea606c]" started-at="2024-12-20T12:56:58 IST" name="TC_103_a_Startup_Tab" finished-at="2024-12-20T12:57:08 IST" depends-on-methods="test.StartupTabTest.TC_103_Startup_Tab" duration-ms="10695" status="PASS">
          <reporter-output>
          </reporter-output>
        </test-method> <!-- TC_103_a_Startup_Tab -->
        <test-method is-config="true" signature="afterMethod()[pri:0, instance:test.StartupTabTest@58ea606c]" started-at="2024-12-20T12:57:08 IST" name="afterMethod" finished-at="2024-12-20T12:57:12 IST" duration-ms="3656" status="PASS">
          <reporter-output>
          </reporter-output>
        </test-method> <!-- afterMethod -->
        <test-method is-config="true" signature="beforeMethod()[pri:0, instance:test.StartupTabTest@58ea606c]" started-at="2024-12-20T12:57:12 IST" name="beforeMethod" finished-at="2024-12-20T12:57:21 IST" duration-ms="9269" status="PASS">
          <reporter-output>
          </reporter-output>
        </test-method> <!-- beforeMethod -->
        <test-method signature="TC_104_Startup_Tab()[pri:42, instance:test.StartupTabTest@58ea606c]" started-at="2024-12-20T12:57:21 IST" name="TC_104_Startup_Tab" finished-at="2024-12-20T12:57:30 IST" depends-on-methods="test.StartupTabTest.TC_103_a_Startup_Tab" duration-ms="8505" status="PASS">
          <reporter-output>
          </reporter-output>
        </test-method> <!-- TC_104_Startup_Tab -->
        <test-method is-config="true" signature="afterMethod()[pri:0, instance:test.StartupTabTest@58ea606c]" started-at="2024-12-20T12:57:30 IST" name="afterMethod" finished-at="2024-12-20T12:57:33 IST" duration-ms="3564" status="PASS">
          <reporter-output>
          </reporter-output>
        </test-method> <!-- afterMethod -->
        <test-method is-config="true" signature="beforeMethod()[pri:0, instance:test.StartupTabTest@58ea606c]" started-at="2024-12-20T12:57:33 IST" name="beforeMethod" finished-at="2024-12-20T12:57:42 IST" duration-ms="8945" status="PASS">
          <reporter-output>
          </reporter-output>
        </test-method> <!-- beforeMethod -->
        <test-method signature="TC_105_Startup_Tab()[pri:43, instance:test.StartupTabTest@58ea606c]" started-at="2024-12-20T12:57:42 IST" name="TC_105_Startup_Tab" finished-at="2024-12-20T12:57:52 IST" depends-on-methods="test.StartupTabTest.TC_104_Startup_Tab" duration-ms="9285" status="PASS">
          <reporter-output>
          </reporter-output>
        </test-method> <!-- TC_105_Startup_Tab -->
        <test-method is-config="true" signature="afterMethod()[pri:0, instance:test.StartupTabTest@58ea606c]" started-at="2024-12-20T12:57:52 IST" name="afterMethod" finished-at="2024-12-20T12:57:55 IST" duration-ms="3615" status="PASS">
          <reporter-output>
          </reporter-output>
        </test-method> <!-- afterMethod -->
        <test-method is-config="true" signature="beforeMethod()[pri:0, instance:test.StartupTabTest@58ea606c]" started-at="2024-12-20T12:57:55 IST" name="beforeMethod" finished-at="2024-12-20T12:58:05 IST" duration-ms="9582" status="PASS">
          <reporter-output>
          </reporter-output>
        </test-method> <!-- beforeMethod -->
        <test-method signature="TC_108_Startup_Tab()[pri:44, instance:test.StartupTabTest@58ea606c]" started-at="2024-12-20T12:58:05 IST" name="TC_108_Startup_Tab" finished-at="2024-12-20T12:58:15 IST" depends-on-methods="test.StartupTabTest.TC_105_Startup_Tab" duration-ms="9998" status="PASS">
          <reporter-output>
          </reporter-output>
        </test-method> <!-- TC_108_Startup_Tab -->
        <test-method is-config="true" signature="afterMethod()[pri:0, instance:test.StartupTabTest@58ea606c]" started-at="2024-12-20T12:58:15 IST" name="afterMethod" finished-at="2024-12-20T12:58:18 IST" duration-ms="3499" status="PASS">
          <reporter-output>
          </reporter-output>
        </test-method> <!-- afterMethod -->
        <test-method is-config="true" signature="beforeMethod()[pri:0, instance:test.StartupTabTest@58ea606c]" started-at="2024-12-20T12:58:18 IST" name="beforeMethod" finished-at="2024-12-20T12:58:28 IST" duration-ms="9765" status="PASS">
          <reporter-output>
          </reporter-output>
        </test-method> <!-- beforeMethod -->
        <test-method signature="TC_109_Startup_Tab()[pri:45, instance:test.StartupTabTest@58ea606c]" started-at="2024-12-20T12:58:28 IST" name="TC_109_Startup_Tab" finished-at="2024-12-20T12:58:35 IST" depends-on-methods="test.StartupTabTest.TC_108_Startup_Tab" duration-ms="7216" status="PASS">
          <reporter-output>
          </reporter-output>
        </test-method> <!-- TC_109_Startup_Tab -->
        <test-method is-config="true" signature="afterMethod()[pri:0, instance:test.StartupTabTest@58ea606c]" started-at="2024-12-20T12:58:35 IST" name="afterMethod" finished-at="2024-12-20T12:58:39 IST" duration-ms="3501" status="PASS">
          <reporter-output>
          </reporter-output>
        </test-method> <!-- afterMethod -->
      </class> <!-- test.StartupTabTest -->
      <class name="test.HomePageTabTest">
        <test-method is-config="true" signature="beforeMethod()[pri:0, instance:test.HomePageTabTest@5c90e579]" started-at="2024-12-20T12:34:00 IST" name="beforeMethod" finished-at="2024-12-20T12:34:09 IST" duration-ms="8811" status="PASS">
          <reporter-output>
          </reporter-output>
        </test-method> <!-- beforeMethod -->
        <test-method signature="TC_01_Homepage_Tab()[pri:1, instance:test.HomePageTabTest@5c90e579]" started-at="2024-12-20T12:34:09 IST" name="TC_01_Homepage_Tab" finished-at="2024-12-20T12:34:09 IST" duration-ms="689" status="PASS">
          <reporter-output>
          </reporter-output>
        </test-method> <!-- TC_01_Homepage_Tab -->
        <test-method is-config="true" signature="afterMethod()[pri:0, instance:test.HomePageTabTest@5c90e579]" started-at="2024-12-20T12:34:09 IST" name="afterMethod" finished-at="2024-12-20T12:34:13 IST" duration-ms="3362" status="PASS">
          <reporter-output>
          </reporter-output>
        </test-method> <!-- afterMethod -->
        <test-method is-config="true" signature="beforeMethod()[pri:0, instance:test.HomePageTabTest@5c90e579]" started-at="2024-12-20T12:34:13 IST" name="beforeMethod" finished-at="2024-12-20T12:34:21 IST" duration-ms="8856" status="PASS">
          <reporter-output>
          </reporter-output>
        </test-method> <!-- beforeMethod -->
        <test-method signature="TC_02_Homepage_Tab()[pri:2, instance:test.HomePageTabTest@5c90e579]" started-at="2024-12-20T12:34:21 IST" name="TC_02_Homepage_Tab" finished-at="2024-12-20T12:34:26 IST" depends-on-methods="test.HomePageTabTest.TC_01_Homepage_Tab" duration-ms="4393" status="PASS">
          <reporter-output>
          </reporter-output>
        </test-method> <!-- TC_02_Homepage_Tab -->
        <test-method is-config="true" signature="afterMethod()[pri:0, instance:test.HomePageTabTest@5c90e579]" started-at="2024-12-20T12:34:26 IST" name="afterMethod" finished-at="2024-12-20T12:34:29 IST" duration-ms="3555" status="PASS">
          <reporter-output>
          </reporter-output>
        </test-method> <!-- afterMethod -->
        <test-method is-config="true" signature="beforeMethod()[pri:0, instance:test.HomePageTabTest@5c90e579]" started-at="2024-12-20T12:34:29 IST" name="beforeMethod" finished-at="2024-12-20T12:34:39 IST" duration-ms="9197" status="PASS">
          <reporter-output>
          </reporter-output>
        </test-method> <!-- beforeMethod -->
        <test-method signature="TC_03_Homepage_Tab()[pri:3, instance:test.HomePageTabTest@5c90e579]" started-at="2024-12-20T12:34:39 IST" name="TC_03_Homepage_Tab" finished-at="2024-12-20T12:34:41 IST" depends-on-methods="test.HomePageTabTest.TC_02_Homepage_Tab" duration-ms="2777" status="PASS">
          <reporter-output>
          </reporter-output>
        </test-method> <!-- TC_03_Homepage_Tab -->
        <test-method is-config="true" signature="afterMethod()[pri:0, instance:test.HomePageTabTest@5c90e579]" started-at="2024-12-20T12:34:41 IST" name="afterMethod" finished-at="2024-12-20T12:34:45 IST" duration-ms="3494" status="PASS">
          <reporter-output>
          </reporter-output>
        </test-method> <!-- afterMethod -->
        <test-method is-config="true" signature="beforeMethod()[pri:0, instance:test.HomePageTabTest@5c90e579]" started-at="2024-12-20T12:34:45 IST" name="beforeMethod" finished-at="2024-12-20T12:34:54 IST" duration-ms="8946" status="PASS">
          <reporter-output>
          </reporter-output>
        </test-method> <!-- beforeMethod -->
[...]
          <reporter-output>
          </reporter-output>
        </test-method> <!-- MobileDevelopment_TC_06 -->
        <test-method is-config="true" signature="setUp()[pri:0, instance:test.SolutionTab_Test@57250572]" started-at="2024-12-20T13:21:52 IST" name="setUp" finished-at="2024-12-20T13:21:52 IST" duration-ms="0" status="PASS">
          <reporter-output>
          </reporter-output>
        </test-method> <!-- setUp -->
        <test-method is-config="true" signature="afterMethod()[pri:0, instance:test.SolutionTab_Test@57250572]" started-at="2024-12-20T13:21:56 IST" name="afterMethod" finished-at="2024-12-20T13:21:59 IST" duration-ms="3507" status="PASS">
          <reporter-output>
          </reporter-output>
        </test-method> <!-- afterMethod -->
        <test-method is-config="true" signature="beforeMethod()[pri:0, instance:test.SolutionTab_Test@57250572]" started-at="2024-12-20T13:21:59 IST" name="beforeMethod" finished-at="2024-12-20T13:22:08 IST" duration-ms="8921" status="PASS">
          <reporter-output>
          </reporter-output>
        </test-method> <!-- beforeMethod -->
        <test-method signature="CloudServices_TC_07()[pri:7, instance:test.SolutionTab_Test@57250572]" started-at="2024-12-20T13:22:08 IST" name="CloudServices_TC_07" finished-at="2024-12-20T13:22:12 IST" duration-ms="3970" status="PASS">
          <reporter-output>
          </reporter-output>
        </test-method> <!-- CloudServices_TC_07 -->
        <test-method is-config="true" signature="setUp()[pri:0, instance:test.SolutionTab_Test@57250572]" started-at="2024-12-20T13:22:08 IST" name="setUp" finished-at="2024-12-20T13:22:08 IST" duration-ms="0" status="PASS">
          <reporter-output>
          </reporter-output>
        </test-method> <!-- setUp -->
        <test-method is-config="true" signature="afterMethod()[pri:0, instance:test.SolutionTab_Test@57250572]" started-at="2024-12-20T13:22:12 IST" name="afterMethod" finished-at="2024-12-20T13:22:16 IST" duration-ms="3528" status="PASS">
          <reporter-output>
          </reporter-output>
        </test-method> <!-- afterMethod -->
        <test-method is-config="true" signature="beforeMethod()[pri:0, instance:test.SolutionTab_Test@57250572]" started-at="2024-12-20T13:22:16 IST" name="beforeMethod" finished-at="2024-12-20T13:22:24 IST" duration-ms="8335" status="PASS">
          <reporter-output>
          </reporter-output>
        </test-method> <!-- beforeMethod -->
        <test-method signature="DigitalTransformation_TC_08()[pri:8, instance:test.SolutionTab_Test@57250572]" started-at="2024-12-20T13:22:24 IST" name="DigitalTransformation_TC_08" finished-at="2024-12-20T13:22:27 IST" duration-ms="3404" status="PASS">
          <reporter-output>
          </reporter-output>
        </test-method> <!-- DigitalTransformation_TC_08 -->
        <test-method is-config="true" signature="setUp()[pri:0, instance:test.SolutionTab_Test@57250572]" started-at="2024-12-20T13:22:24 IST" name="setUp" finished-at="2024-12-20T13:22:24 IST" duration-ms="0" status="PASS">
          <reporter-output>
          </reporter-output>
        </test-method> <!-- setUp -->
        <test-method is-config="true" signature="afterMethod()[pri:0, instance:test.SolutionTab_Test@57250572]" started-at="2024-12-20T13:22:27 IST" name="afterMethod" finished-at="2024-12-20T13:22:31 IST" duration-ms="3510" status="PASS">
          <reporter-output>
          </reporter-output>
        </test-method> <!-- afterMethod -->
        <test-method is-config="true" signature="beforeMethod()[pri:0, instance:test.SolutionTab_Test@57250572]" started-at="2024-12-20T13:22:31 IST" name="beforeMethod" finished-at="2024-12-20T13:22:39 IST" duration-ms="8084" status="PASS">
          <reporter-output>
          </reporter-output>
        </test-method> <!-- beforeMethod -->
        <test-method signature="Security_TC_09()[pri:9, instance:test.SolutionTab_Test@57250572]" started-at="2024-12-20T13:22:39 IST" name="Security_TC_09" finished-at="2024-12-20T13:22:43 IST" duration-ms="3830" status="PASS">
          <reporter-output>
          </reporter-output>
        </test-method> <!-- Security_TC_09 -->
        <test-method is-config="true" signature="setUp()[pri:0, instance:test.SolutionTab_Test@57250572]" started-at="2024-12-20T13:22:39 IST" name="setUp" finished-at="2024-12-20T13:22:39 IST" duration-ms="0" status="PASS">
          <reporter-output>
          </reporter-output>
        </test-method> <!-- setUp -->
        <test-method is-config="true" signature="afterMethod()[pri:0, instance:test.SolutionTab_Test@57250572]" started-at="2024-12-20T13:22:43 IST" name="afterMethod" finished-at="2024-12-20T13:22:47 IST" duration-ms="3754" status="PASS">
          <reporter-output>
          </reporter-output>
        </test-method> <!-- afterMethod -->
        <test-method is-config="true" signature="beforeMethod()[pri:0, instance:test.SolutionTab_Test@57250572]" started-at="2024-12-20T13:22:47 IST" name="beforeMethod" finished-at="2024-12-20T13:22:55 IST" duration-ms="8135" status="PASS">
          <reporter-output>
          </reporter-output>
        </test-method> <!-- beforeMethod -->
        <test-method signature="Automation_TC_10()[pri:10, instance:test.SolutionTab_Test@57250572]" started-at="2024-12-20T13:22:55 IST" name="Automation_TC_10" finished-at="2024-12-20T13:22:59 IST" duration-ms="3929" status="PASS">
          <reporter-output>
          </reporter-output>
        </test-method> <!-- Automation_TC_10 -->
        <test-method is-config="true" signature="setUp()[pri:0, instance:test.SolutionTab_Test@57250572]" started-at="2024-12-20T13:22:55 IST" name="setUp" finished-at="2024-12-20T13:22:55 IST" duration-ms="0" status="PASS">
          <reporter-output>
          </reporter-output>
        </test-method> <!-- setUp -->
        <test-method is-config="true" signature="afterMethod()[pri:0, instance:test.SolutionTab_Test@57250572]" started-at="2024-12-20T13:22:59 IST" name="afterMethod" finished-at="2024-12-20T13:23:02 IST" duration-ms="3470" status="PASS">
          <reporter-output>
          </reporter-output>
        </test-method> <!-- afterMethod -->
        <test-method is-config="true" signature="beforeMethod()[pri:0, instance:test.SolutionTab_Test@57250572]" started-at="2024-12-20T13:23:02 IST" name="beforeMethod" finished-at="2024-12-20T13:23:12 IST" duration-ms="9489" status="PASS">
          <reporter-output>
          </reporter-output>
        </test-method> <!-- beforeMethod -->
        <test-method is-config="true" signature="setUp()[pri:0, instance:test.SolutionTab_Test@57250572]" started-at="2024-12-20T13:23:12 IST" name="setUp" finished-at="2024-12-20T13:23:12 IST" duration-ms="1" status="PASS">
          <reporter-output>
          </reporter-output>
        </test-method> <!-- setUp -->
        <test-method signature="Gaining_Efficiency_TC_11()[pri:11, instance:test.SolutionTab_Test@57250572]" started-at="2024-12-20T13:23:12 IST" name="Gaining_Efficiency_TC_11" finished-at="2024-12-20T13:23:15 IST" duration-ms="3627" status="PASS">
          <reporter-output>
          </reporter-output>
        </test-method> <!-- Gaining_Efficiency_TC_11 -->
        <test-method is-config="true" signature="afterMethod()[pri:0, instance:test.SolutionTab_Test@57250572]" started-at="2024-12-20T13:23:15 IST" name="afterMethod" finished-at="2024-12-20T13:23:19 IST" duration-ms="3536" status="PASS">
          <reporter-output>
          </reporter-output>
        </test-method> <!-- afterMethod -->
        <test-method is-config="true" signature="beforeMethod()[pri:0, instance:test.SolutionTab_Test@57250572]" started-at="2024-12-20T13:23:19 IST" name="beforeMethod" finished-at="2024-12-20T13:23:28 IST" duration-ms="9578" status="PASS">
          <reporter-output>
          </reporter-output>
        </test-method> <!-- beforeMethod -->
        <test-method signature="Industry_Manufacturing_12()[pri:12, instance:test.SolutionTab_Test@57250572]" started-at="2024-12-20T13:23:28 IST" name="Industry_Manufacturing_12" finished-at="2024-12-20T13:23:31 IST" duration-ms="3081" status="PASS">
          <reporter-output>
          </reporter-output>
        </test-method> <!-- Industry_Manufacturing_12 -->
        <test-method is-config="true" signature="setUp()[pri:0, instance:test.SolutionTab_Test@57250572]" started-at="2024-12-20T13:23:28 IST" name="setUp" finished-at="2024-12-20T13:23:28 IST" duration-ms="0" status="PASS">
          <reporter-output>
          </reporter-output>
        </test-method> <!-- setUp -->
        <test-method is-config="true" signature="afterMethod()[pri:0, instance:test.SolutionTab_Test@57250572]" started-at="2024-12-20T13:23:31 IST" name="afterMethod" finished-at="2024-12-20T13:23:35 IST" duration-ms="3485" status="PASS">
          <reporter-output>
          </reporter-output>
        </test-method> <!-- afterMethod -->
        <test-method is-config="true" signature="beforeMethod()[pri:0, instance:test.SolutionTab_Test@57250572]" started-at="2024-12-20T13:23:35 IST" name="beforeMethod" finished-at="2024-12-20T13:23:43 IST" duration-ms="8167" status="PASS">
          <reporter-output>
          </reporter-output>
        </test-method> <!-- beforeMethod -->
        <test-method signature="Transportation_TC_13()[pri:13, instance:test.SolutionTab_Test@57250572]" started-at="2024-12-20T13:23:43 IST" name="Transportation_TC_13" finished-at="2024-12-20T13:23:47 IST" duration-ms="3734" status="PASS">
          <reporter-output>
          </reporter-output>
        </test-method> <!-- Transportation_TC_13 -->
        <test-method is-config="true" signature="setUp()[pri:0, instance:test.SolutionTab_Test@57250572]" started-at="2024-12-20T13:23:43 IST" name="setUp" finished-at="2024-12-20T13:23:43 IST" duration-ms="0" status="PASS">
          <reporter-output>
          </reporter-output>
        </test-method> <!-- setUp -->
        <test-method is-config="true" signature="afterMethod()[pri:0, instance:test.SolutionTab_Test@57250572]" started-at="2024-12-20T13:23:47 IST" name="afterMethod" finished-at="2024-12-20T13:23:50 IST" duration-ms="3534" status="PASS">
          <reporter-output>
          </reporter-output>
        </test-method> <!-- afterMethod -->
        <test-method is-config="true" signature="beforeMethod()[pri:0, instance:test.SolutionTab_Test@57250572]" started-at="2024-12-20T13:23:50 IST" name="beforeMethod" finished-at="2024-12-20T13:23:59 IST" duration-ms="8933" status="PASS">
          <reporter-output>
          </reporter-output>
        </test-method> <!-- beforeMethod -->
        <test-method signature="Healthcare_TC_14()[pri:14, instance:test.SolutionTab_Test@57250572]" started-at="2024-12-20T13:23:59 IST" name="Healthcare_TC_14" finished-at="2024-12-20T13:24:03 IST" duration-ms="4170" status="PASS">
          <reporter-output>
          </reporter-output>
        </test-method> <!-- Healthcare_TC_14 -->
        <test-method is-config="true" signature="setUp()[pri:0, instance:test.SolutionTab_Test@57250572]" started-at="2024-12-20T13:23:59 IST" name="setUp" finished-at="2024-12-20T13:23:59 IST" duration-ms="0" status="PASS">
          <reporter-output>
          </reporter-output>
        </test-method> <!-- setUp -->
        <test-method is-config="true" signature="afterMethod()[pri:0, instance:test.SolutionTab_Test@57250572]" started-at="2024-12-20T13:24:03 IST" name="afterMethod" finished-at="2024-12-20T13:24:07 IST" duration-ms="3460" status="PASS">
          <reporter-output>
          </reporter-output>
        </test-method> <!-- afterMethod -->
        <test-method is-config="true" signature="beforeMethod()[pri:0, instance:test.SolutionTab_Test@57250572]" started-at="2024-12-20T13:24:07 IST" name="beforeMethod" finished-at="2024-12-20T13:24:15 IST" duration-ms="8032" status="PASS">
          <reporter-output>
          </reporter-output>
        </test-method> <!-- beforeMethod -->
        <test-method signature="BankAndInsurance_TC_15()[pri:15, instance:test.SolutionTab_Test@57250572]" started-at="2024-12-20T13:24:15 IST" name="BankAndInsurance_TC_15" finished-at="2024-12-20T13:24:19 IST" duration-ms="3601" status="PASS">
          <reporter-output>
          </reporter-output>
        </test-method> <!-- BankAndInsurance_TC_15 -->
        <test-method is-config="true" signature="setUp()[pri:0, instance:test.SolutionTab_Test@57250572]" started-at="2024-12-20T13:24:15 IST" name="setUp" finished-at="2024-12-20T13:24:15 IST" duration-ms="0" status="PASS">
          <reporter-output>
          </reporter-output>
        </test-method> <!-- setUp -->
        <test-method is-config="true" signature="afterMethod()[pri:0, instance:test.SolutionTab_Test@57250572]" started-at="2024-12-20T13:24:19 IST" name="afterMethod" finished-at="2024-12-20T13:24:22 IST" duration-ms="3533" status="PASS">
          <reporter-output>
          </reporter-output>
        </test-method> <!-- afterMethod -->
        <test-method is-config="true" signature="beforeMethod()[pri:0, instance:test.SolutionTab_Test@57250572]" started-at="2024-12-20T13:24:22 IST" name="beforeMethod" finished-at="2024-12-20T13:24:30 IST" duration-ms="8137" status="PASS">
          <reporter-output>
          </reporter-output>
        </test-method> <!-- beforeMethod -->
        <test-method signature="CounsultingProvider_TC_16()[pri:16, instance:test.SolutionTab_Test@57250572]" started-at="2024-12-20T13:24:30 IST" name="CounsultingProvider_TC_16" finished-at="2024-12-20T13:24:34 IST" duration-ms="3574" status="PASS">
          <reporter-output>
          </reporter-output>
        </test-method> <!-- CounsultingProvider_TC_16 -->
        <test-method is-config="true" signature="setUp()[pri:0, instance:test.SolutionTab_Test@57250572]" started-at="2024-12-20T13:24:30 IST" name="setUp" finished-at="2024-12-20T13:24:30 IST" duration-ms="0" status="PASS">
          <reporter-output>
          </reporter-output>
        </test-method> <!-- setUp -->
        <test-method is-config="true" signature="afterMethod()[pri:0, instance:test.SolutionTab_Test@57250572]" started-at="2024-12-20T13:24:34 IST" name="afterMethod" finished-at="2024-12-20T13:24:37 IST" duration-ms="3486" status="PASS">
          <reporter-output>
          </reporter-output>
        </test-method> <!-- afterMethod -->
        <test-method is-config="true" signature="beforeMethod()[pri:0, instance:test.SolutionTab_Test@57250572]" started-at="2024-12-20T13:24:37 IST" name="beforeMethod" finished-at="2024-12-20T13:24:46 IST" duration-ms="8387" status="PASS">
          <reporter-output>
          </reporter-output>
        </test-method> <!-- beforeMethod -->
        <test-method signature="NonProfit_TC_17()[pri:17, instance:test.SolutionTab_Test@57250572]" started-at="2024-12-20T13:24:46 IST" name="NonProfit_TC_17" finished-at="2024-12-20T13:24:49 IST" duration-ms="3572" status="PASS">
          <reporter-output>
          </reporter-output>
        </test-method> <!-- NonProfit_TC_17 -->
        <test-method is-config="true" signature="setUp()[pri:0, instance:test.SolutionTab_Test@57250572]" started-at="2024-12-20T13:24:46 IST" name="setUp" finished-at="2024-12-20T13:24:46 IST" duration-ms="0" status="PASS">
          <reporter-output>
          </reporter-output>
        </test-method> <!-- setUp -->
        <test-method is-config="true" signature="afterMethod()[pri:0, instance:test.SolutionTab_Test@57250572]" started-at="2024-12-20T13:24:49 IST" name="afterMethod" finished-at="2024-12-20T13:24:53 IST" duration-ms="3523" status="PASS">
          <reporter-output>
          </reporter-output>
        </test-method> <!-- afterMethod -->
        <test-method is-config="true" signature="beforeMethod()[pri:0, instance:test.SolutionTab_Test@57250572]" started-at="2024-12-20T13:24:53 IST" name="beforeMethod" finished-at="2024-12-20T13:25:17 IST" duration-ms="23959" status="PASS">
          <reporter-output>
          </reporter-output>
        </test-method> <!-- beforeMethod -->
        <test-method is-config="true" signature="setUp()[pri:0, instance:test.SolutionTab_Test@57250572]" started-at="2024-12-20T13:25:17 IST" name="setUp" finished-at="2024-12-20T13:25:17 IST" duration-ms="1" status="PASS">
          <reporter-output>
          </reporter-output>
        </test-method> <!-- setUp -->
        <test-method signature="NonProfit_TC_18()[pri:18, instance:test.SolutionTab_Test@57250572]" started-at="2024-12-20T13:25:17 IST" name="NonProfit_TC_18" finished-at="2024-12-20T13:25:20 IST" duration-ms="3002" status="PASS">
          <reporter-output>
          </reporter-output>
        </test-method> <!-- NonProfit_TC_18 -->
        <test-method is-config="true" signature="afterMethod()[pri:0, instance:test.SolutionTab_Test@57250572]" started-at="2024-12-20T13:25:20 IST" name="afterMethod" finished-at="2024-12-20T13:25:23 IST" duration-ms="3433" status="PASS">
          <reporter-output>
          </reporter-output>
        </test-method> <!-- afterMethod -->
        <test-method is-config="true" signature="beforeMethod()[pri:0, instance:test.SolutionTab_Test@57250572]" started-at="2024-12-20T13:25:23 IST" name="beforeMethod" finished-at="2024-12-20T13:25:32 IST" duration-ms="8987" status="PASS">
          <reporter-output>
          </reporter-output>
        </test-method> <!-- beforeMethod -->
        <test-method signature="CallUs_TC_19()[pri:19, instance:test.SolutionTab_Test@57250572]" started-at="2024-12-20T13:25:32 IST" name="CallUs_TC_19" finished-at="2024-12-20T13:25:36 IST" duration-ms="3749" status="PASS">
          <reporter-output>
          </reporter-output>
        </test-method> <!-- CallUs_TC_19 -->
        <test-method is-config="true" signature="setUp()[pri:0, instance:test.SolutionTab_Test@57250572]" started-at="2024-12-20T13:25:32 IST" name="setUp" finished-at="2024-12-20T13:25:32 IST" duration-ms="0" status="PASS">
          <reporter-output>
          </reporter-output>
        </test-method> <!-- setUp -->
        <test-method is-config="true" signature="afterMethod()[pri:0, instance:test.SolutionTab_Test@57250572]" started-at="2024-12-20T13:25:36 IST" name="afterMethod" finished-at="2024-12-20T13:25:39 IST" duration-ms="3503" status="PASS">
          <reporter-output>
          </reporter-output>
        </test-method> <!-- afterMethod -->
        <test-method is-config="true" signature="beforeMethod()[pri:0, instance:test.SolutionTab_Test@57250572]" started-at="2024-12-20T13:25:39 IST" name="beforeMethod" finished-at="2024-12-20T13:25:48 IST" duration-ms="8897" status="PASS">
          <reporter-output>
          </reporter-output>
        </test-method> <!-- beforeMethod -->
        <test-method signature="nftLearnMore_TC_20()[pri:20, instance:test.SolutionTab_Test@57250572]" started-at="2024-12-20T13:25:48 IST" name="nftLearnMore_TC_20" finished-at="2024-12-20T13:25:55 IST" duration-ms="6521" status="PASS">
          <reporter-output>
          </reporter-output>
        </test-method> <!-- nftLearnMore_TC_20 -->
        <test-method is-config="true" signature="setUp()[pri:0, instance:test.SolutionTab_Test@57250572]" started-at="2024-12-20T13:25:48 IST" name="setUp" finished-at="2024-12-20T13:25:48 IST" duration-ms="0" status="PASS">
          <reporter-output>
          </reporter-output>
        </test-method> <!-- setUp -->
        <test-method is-config="true" signature="afterMethod()[pri:0, instance:test.SolutionTab_Test@57250572]" started-at="2024-12-20T13:25:55 IST" name="afterMethod" finished-at="2024-12-20T13:25:58 IST" duration-ms="3385" status="PASS">
          <reporter-output>
          </reporter-output>
        </test-method> <!-- afterMethod -->
      </class> <!-- test.SolutionTab_Test -->
    </test> <!-- Magic Govern Automation Test -->
  </suite> <!-- Suite -->
</testng-results>
