<?xml version="1.0" encoding="UTF-8"?>
<!-- Generated by org.testng.reporters.JUnitReportReporter -->
<testsuite hostname="PSDLAP350" failures="0" tests="1" name="test.EvalSetting" time="10.583" errors="1" timestamp="2024-11-08T12:19:03 IST" skipped="0">
  <testcase classname="test.EvalSetting" name="addNewClient" time="10.583">
    <error message="element click intercepted: Element &lt;button type=&quot;button&quot; id=&quot;2a84919f-59d8-4441-a975-2a8c2643b741&quot; data-tid=&quot;2a84919f-59d8-4441-a975-2a8c2643b741&quot; aria-label=&quot;Teams&quot; aria-pressed=&quot;false&quot; aria-describedby=&quot;readerBox-2a84919f-59d8-4441-a975-2a8c2643b741&quot; role=&quot;button&quot; data-clicklog=&quot;custom&quot; data-pinned=&quot;true&quot; class=&quot;fui-Button r1alrhcs ___1uhkf1k f1brlhvm f10xn8zz f136y8j8 f1sl3k7w f18ktai2 ftgf7lp f1m4tk7k fre7gi1 f1358rze fqdk4by f1rvrf73 fzki0ko f3swjwz f1hu3pq6 f19f4twv figsok6 fhovq9v f1xqy1su f1sdsnyy ftqa4ok f2hkw1w f8hki3x f1d2448m f1bjia2o ffh67wi f1j6vpng f1pniga2 f987i1v f1ffjurs f15bsgw9 f14e48fq f18yb2kv fd6o370 ffwy5si f3znvyf f1mywlt f1njr18z fiwyskv f1o5h46z f1q3txrk f1o7qkhw fode6gy fj239l f1tx4pjd fsuw20m f1krrbdw f1deotkl f10ostut f1ozlkrg&quot;&gt;...&lt;/button&gt; is not clickable at point (34, 244). Other element would receive the click: &lt;button type=&quot;button&quot; id=&quot;86fcd49b-61a2-4701-b771-54728cd291fb&quot; data-tid=&quot;86fcd49b-61a2-4701-b771-54728cd291fb&quot; aria-label=&quot;Chat&quot; aria-pressed=&quot;true&quot; aria-describedby=&quot;readerBox-86fcd49b-61a2-4701-b771-54728cd291fb&quot; role=&quot;button&quot; data-clicklog=&quot;custom&quot; data-pinned=&quot;true&quot; class=&quot;fui-Button r1alrhcs ___nasu2o0 f1brlhvm f10xn8zz f136y8j8 f1sl3k7w f18ktai2 ftgf7lp f1m4tk7k fre7gi1 f1358rze fqdk4by f1rvrf73 fzki0ko f3swjwz f1hu3pq6 f19f4twv figsok6 f1q9pm1r f1xqy1su f1sdsnyy ftqa4ok f2hkw1w f8hki3x f1d2448m f1bjia2o ffh67wi f1j6vpng f1pniga2 f987i1v f1ffjurs f15bsgw9 f14e48fq f18yb2kv fd6o370 ffwy5si f3znvyf f1mywlt f1njr18z fiwyskv f1o5h46z f1q3txrk f1o7qkhw fode6gy fj239l f1tx4pjd fsuw20m f1krrbdw f1deotkl f10ostut f1ozlkrg f1h3a8gf f1nz3ub2&quot;&gt;...&lt;/button&gt;
  (Session info: MicrosoftEdge=130.0.2849.68)
Build info: version: &#039;4.23.0&#039;, revision: &#039;4df0a231af&#039;
System info: os.name: &#039;Windows 11&#039;, os.arch: &#039;amd64&#039;, os.version: &#039;10.0&#039;, java.version: &#039;22.0.2&#039;
Driver info: org.openqa.selenium.edge.EdgeDriver
Command: [a547f3c321d6172ef2df2673ec5f19f6, clickElement {id=f.E0CF7FCD56DDB281B8C58F3F74577E3D.d.918754BB243B106618855A99491F1FD5.e.18}]
Capabilities {acceptInsecureCerts: false, browserName: MicrosoftEdge, browserVersion: 130.0.2849.68, fedcm:accounts: true, ms:edgeOptions: {debuggerAddress: localhost:50170}, msedge: {msedgedriverVersion: 130.0.2849.68 (ef504a70102b..., userDataDir: C:\Users\UDDHAV~1\AppData\L...}, networkConnectionEnabled: false, pageLoadStrategy: normal, platformName: windows, proxy: Proxy(), se:cdp: ws://localhost:50170/devtoo..., se:cdpVersion: 130.0.2849.68, setWindowRect: true, strictFileInteractability: false, timeouts: {implicit: 0, pageLoad: 300000, script: 30000}, unhandledPromptBehavior: dismiss and notify, webauthn:extension:credBlob: true, webauthn:extension:largeBlob: true, webauthn:extension:minPinLength: true, webauthn:extension:prf: true, webauthn:virtualAuthenticators: true}
Element: [[EdgeDriver: MicrosoftEdge on windows (a547f3c321d6172ef2df2673ec5f19f6)] -&gt; xpath: //*[@id=&quot;2a84919f-59d8-4441-a975-2a8c2643b741&quot;]]
Session ID: a547f3c321d6172ef2df2673ec5f19f6" type="org.openqa.selenium.ElementClickInterceptedException">
      <![CDATA[org.openqa.selenium.ElementClickInterceptedException: element click intercepted: Element <button type="button" id="2a84919f-59d8-4441-a975-2a8c2643b741" data-tid="2a84919f-59d8-4441-a975-2a8c2643b741" aria-label="Teams" aria-pressed="false" aria-describedby="readerBox-2a84919f-59d8-4441-a975-2a8c2643b741" role="button" data-clicklog="custom" data-pinned="true" class="fui-Button r1alrhcs ___1uhkf1k f1brlhvm f10xn8zz f136y8j8 f1sl3k7w f18ktai2 ftgf7lp f1m4tk7k fre7gi1 f1358rze fqdk4by f1rvrf73 fzki0ko f3swjwz f1hu3pq6 f19f4twv figsok6 fhovq9v f1xqy1su f1sdsnyy ftqa4ok f2hkw1w f8hki3x f1d2448m f1bjia2o ffh67wi f1j6vpng f1pniga2 f987i1v f1ffjurs f15bsgw9 f14e48fq f18yb2kv fd6o370 ffwy5si f3znvyf f1mywlt f1njr18z fiwyskv f1o5h46z f1q3txrk f1o7qkhw fode6gy fj239l f1tx4pjd fsuw20m f1krrbdw f1deotkl f10ostut f1ozlkrg">...</button> is not clickable at point (34, 244). Other element would receive the click: <button type="button" id="86fcd49b-61a2-4701-b771-54728cd291fb" data-tid="86fcd49b-61a2-4701-b771-54728cd291fb" aria-label="Chat" aria-pressed="true" aria-describedby="readerBox-86fcd49b-61a2-4701-b771-54728cd291fb" role="button" data-clicklog="custom" data-pinned="true" class="fui-Button r1alrhcs ___nasu2o0 f1brlhvm f10xn8zz f136y8j8 f1sl3k7w f18ktai2 ftgf7lp f1m4tk7k fre7gi1 f1358rze fqdk4by f1rvrf73 fzki0ko f3swjwz f1hu3pq6 f19f4twv figsok6 f1q9pm1r f1xqy1su f1sdsnyy ftqa4ok f2hkw1w f8hki3x f1d2448m f1bjia2o ffh67wi f1j6vpng f1pniga2 f987i1v f1ffjurs f15bsgw9 f14e48fq f18yb2kv fd6o370 ffwy5si f3znvyf f1mywlt f1njr18z fiwyskv f1o5h46z f1q3txrk f1o7qkhw fode6gy fj239l f1tx4pjd fsuw20m f1krrbdw f1deotkl f10ostut f1ozlkrg f1h3a8gf f1nz3ub2">...</button>
  (Session info: MicrosoftEdge=130.0.2849.68)
Build info: version: '4.23.0', revision: '4df0a231af'
System info: os.name: 'Windows 11', os.arch: 'amd64', os.version: '10.0', java.version: '22.0.2'
Driver info: org.openqa.selenium.edge.EdgeDriver
Command: [a547f3c321d6172ef2df2673ec5f19f6, clickElement {id=f.E0CF7FCD56DDB281B8C58F3F74577E3D.d.918754BB243B106618855A99491F1FD5.e.18}]
Capabilities {acceptInsecureCerts: false, browserName: MicrosoftEdge, browserVersion: 130.0.2849.68, fedcm:accounts: true, ms:edgeOptions: {debuggerAddress: localhost:50170}, msedge: {msedgedriverVersion: 130.0.2849.68 (ef504a70102b..., userDataDir: C:\Users\UDDHAV~1\AppData\L...}, networkConnectionEnabled: false, pageLoadStrategy: normal, platformName: windows, proxy: Proxy(), se:cdp: ws://localhost:50170/devtoo..., se:cdpVersion: 130.0.2849.68, setWindowRect: true, strictFileInteractability: false, timeouts: {implicit: 0, pageLoad: 300000, script: 30000}, unhandledPromptBehavior: dismiss and notify, webauthn:extension:credBlob: true, webauthn:extension:largeBlob: true, webauthn:extension:minPinLength: true, webauthn:extension:prf: true, webauthn:virtualAuthenticators: true}
Element: [[EdgeDriver: MicrosoftEdge on windows (a547f3c321d6172ef2df2673ec5f19f6)] -> xpath: //*[@id="2a84919f-59d8-4441-a975-2a8c2643b741"]]
Session ID: a547f3c321d6172ef2df2673ec5f19f6
at java.base/jdk.internal.reflect.DirectConstructorHandleAccessor.newInstance(DirectConstructorHandleAccessor.java:62)
at java.base/java.lang.reflect.Constructor.newInstanceWithCaller(Constructor.java:502)
at java.base/java.lang.reflect.Constructor.newInstance(Constructor.java:486)
at org.openqa.selenium.remote.ErrorCodec.decode(ErrorCodec.java:167)
at org.openqa.selenium.remote.codec.w3c.W3CHttpResponseCodec.decode(W3CHttpResponseCodec.java:138)
at org.openqa.selenium.remote.codec.w3c.W3CHttpResponseCodec.decode(W3CHttpResponseCodec.java:50)
at org.openqa.selenium.remote.HttpCommandExecutor.execute(HttpCommandExecutor.java:190)
at org.openqa.selenium.remote.service.DriverCommandExecutor.invokeExecute(DriverCommandExecutor.java:216)
at org.openqa.selenium.remote.service.DriverCommandExecutor.execute(DriverCommandExecutor.java:174)
at org.openqa.selenium.remote.RemoteWebDriver.execute(RemoteWebDriver.java:527)
at org.openqa.selenium.remote.RemoteWebElement.execute(RemoteWebElement.java:223)
at org.openqa.selenium.remote.RemoteWebElement.click(RemoteWebElement.java:76)
at helper.Interactions.click(Interactions.java:20)
at pages.RoleSelectionPage.switchToIframe(RoleSelectionPage.java:27)
at test.EvalSetting.addNewClient(EvalSetting.java:16)
at java.base/jdk.internal.reflect.DirectMethodHandleAccessor.invoke(DirectMethodHandleAccessor.java:103)
at java.base/java.lang.reflect.Method.invoke(Method.java:580)
at org.testng.internal.invokers.MethodInvocationHelper.invokeMethod(MethodInvocationHelper.java:141)
at org.testng.internal.invokers.TestInvoker.invokeMethod(TestInvoker.java:686)
at org.testng.internal.invokers.TestInvoker.invokeTestMethod(TestInvoker.java:230)
at org.testng.internal.invokers.MethodRunner.runInSequence(MethodRunner.java:63)
at org.testng.internal.invokers.TestInvoker$MethodInvocationAgent.invoke(TestInvoker.java:992)
at org.testng.internal.invokers.TestInvoker.invokeTestMethods(TestInvoker.java:203)
at org.testng.internal.invokers.TestMethodWorker.invokeTestMethods(TestMethodWorker.java:154)
at org.testng.internal.invokers.TestMethodWorker.run(TestMethodWorker.java:134)
at java.base/java.util.ArrayList.forEach(ArrayList.java:1597)
at org.testng.TestRunner.privateRun(TestRunner.java:739)
at org.testng.TestRunner.run(TestRunner.java:614)
at org.testng.SuiteRunner.runTest(SuiteRunner.java:421)
at org.testng.SuiteRunner.runSequentially(SuiteRunner.java:413)
at org.testng.SuiteRunner.privateRun(SuiteRunner.java:373)
at org.testng.SuiteRunner.run(SuiteRunner.java:312)
at org.testng.SuiteRunnerWorker.runSuite(SuiteRunnerWorker.java:52)
at org.testng.SuiteRunnerWorker.run(SuiteRunnerWorker.java:95)
at org.testng.TestNG.runSuitesSequentially(TestNG.java:1274)
at org.testng.TestNG.runSuitesLocally(TestNG.java:1208)
at org.testng.TestNG.runSuites(TestNG.java:1112)
at org.testng.TestNG.run(TestNG.java:1079)
at org.testng.remote.AbstractRemoteTestNG.run(AbstractRemoteTestNG.java:115)
at org.testng.remote.RemoteTestNG.initAndRun(RemoteTestNG.java:293)
at org.testng.remote.RemoteTestNG.main(RemoteTestNG.java:91)
]]>
    </error>
  </testcase> <!-- addNewClient -->
</testsuite> <!-- test.EvalSetting -->
