<?xml version="1.0" encoding="UTF-8"?>
<!-- Generated by org.testng.reporters.JUnitReportReporter -->
<testsuite hostname="PSDLAP350" failures="0" tests="11" name="test.ViewerEvalSettingTest" time="483.486" errors="0" timestamp="2024-12-09T15:32:18 IST" skipped="0">
  <testcase classname="test.ViewerEvalSettingTest" name="TC_165_Viewer" time="41.685"/>
  <testcase classname="test.ViewerEvalSettingTest" name="TC_166_Viewer" time="45.613"/>
  <testcase classname="test.ViewerEvalSettingTest" name="TC_167_Viewer" time="37.205"/>
  <testcase classname="test.ViewerEvalSettingTest" name="TC_168_Viewer" time="39.452"/>
  <testcase classname="test.ViewerEvalSettingTest" name="TC_169_Viewer" time="51.415"/>
  <testcase classname="test.ViewerEvalSettingTest" name="TC_170_Viewer" time="48.162"/>
  <testcase classname="test.ViewerEvalSettingTest" name="TC_171_Viewer" time="41.310"/>
  <testcase classname="test.ViewerEvalSettingTest" name="TC_186_Viewer" time="39.762"/>
  <testcase classname="test.ViewerEvalSettingTest" name="TC_187_Viewer" time="47.488"/>
  <testcase classname="test.ViewerEvalSettingTest" name="TC_189_Viewer" time="42.820"/>
  <testcase classname="test.ViewerEvalSettingTest" name="TC_190_Viewer" time="48.574"/>
</testsuite> <!-- test.ViewerEvalSettingTest -->
