<?xml version="1.0" encoding="UTF-8"?>
<!-- Generated by org.testng.reporters.JUnitReportReporter -->
<testsuite hostname="PSDLAP350" failures="0" tests="11" name="test.HREvalSettingTest" time="420.797" errors="0" timestamp="2024-12-10T12:16:46 IST" skipped="0">
  <testcase classname="test.HREvalSettingTest" name="TC_165_HR" time="36.287"/>
  <testcase classname="test.HREvalSettingTest" name="TC_166_HR" time="43.398"/>
  <testcase classname="test.HREvalSettingTest" name="TC_167_HR" time="36.505"/>
  <testcase classname="test.HREvalSettingTest" name="TC_168_HR" time="39.681"/>
  <testcase classname="test.HREvalSettingTest" name="TC_169_HR" time="37.319"/>
  <testcase classname="test.HREvalSettingTest" name="TC_170_HR" time="37.478"/>
  <testcase classname="test.HREvalSettingTest" name="TC_171_HR" time="38.086"/>
  <testcase classname="test.HREvalSettingTest" name="TC_186_HR" time="37.713"/>
  <testcase classname="test.HREvalSettingTest" name="TC_187_HR" time="39.660"/>
  <testcase classname="test.HREvalSettingTest" name="TC_189_HR" time="38.407"/>
  <testcase classname="test.HREvalSettingTest" name="TC_190_HR" time="36.263"/>
</testsuite> <!-- test.HREvalSettingTest -->
