<?xml version="1.0" encoding="UTF-8"?>
<!-- Generated by org.testng.reporters.JUnitReportReporter -->
<testsuite hostname="PSDLAP350" failures="0" tests="16" name="test.ResourceTabTest" time="287.517" errors="0" timestamp="2024-12-20T13:25:59 IST" skipped="0">
  <testcase classname="test.ResourceTabTest" name="TC_01_Resource_Tab" time="13.197"/>
  <testcase classname="test.ResourceTabTest" name="TC_02_Resource_Tab" time="13.028"/>
  <testcase classname="test.ResourceTabTest" name="TC_03_Resource_Tab" time="15.856"/>
  <testcase classname="test.ResourceTabTest" name="TC_04_Resource_Tab" time="14.946"/>
  <testcase classname="test.ResourceTabTest" name="TC_05_Resource_Tab" time="16.612"/>
  <testcase classname="test.ResourceTabTest" name="TC_06_Resource_Tab" time="16.902"/>
  <testcase classname="test.ResourceTabTest" name="TC_07_Resource_Tab" time="14.888"/>
  <testcase classname="test.ResourceTabTest" name="TC_08_Resource_Tab" time="16.342"/>
  <testcase classname="test.ResourceTabTest" name="TC_09_Resource_Tab" time="16.908"/>
  <testcase classname="test.ResourceTabTest" name="TC_10_Resource_Tab" time="16.227"/>
  <testcase classname="test.ResourceTabTest" name="TC_11_Resource_Tab" time="19.126"/>
  <testcase classname="test.ResourceTabTest" name="TC_12_Resource_Tab" time="20.437"/>
  <testcase classname="test.ResourceTabTest" name="TC_13_Resource_Tab" time="19.026"/>
  <testcase classname="test.ResourceTabTest" name="TC_14_Resource_Tab" time="29.658"/>
  <testcase classname="test.ResourceTabTest" name="TC_15_Resource_Tab" time="15.638"/>
  <testcase classname="test.ResourceTabTest" name="TC_16_Resource_Tab" time="28.726"/>
</testsuite> <!-- test.ResourceTabTest -->
