<?xml version="1.0" encoding="UTF-8"?>
<!-- Generated by org.testng.reporters.JUnitReportReporter -->
<testsuite hostname="PSDLAP350" failures="0" tests="46" name="test.StartupTabTest" time="1053.369" errors="0" timestamp="2024-12-20T13:25:59 IST" skipped="1">
  <testcase classname="test.StartupTabTest" name="TC_65_Startup_Tab" time="18.498"/>
  <testcase classname="test.StartupTabTest" name="TC_66_Startup_Tab" time="22.970"/>
  <testcase classname="test.StartupTabTest" name="TC_67_Startup_Tab" time="29.803"/>
  <testcase classname="test.StartupTabTest" name="TC_67_Startup_Tab" time="21.948">
    <skipped/>
  </testcase> <!-- TC_67_Startup_Tab -->
  <testcase classname="test.StartupTabTest" name="TC_68_Startup_Tab" time="22.364"/>
  <testcase classname="test.StartupTabTest" name="TC_69_Startup_Tab" time="21.276"/>
  <testcase classname="test.StartupTabTest" name="TC_70_Startup_Tab" time="21.635"/>
  <testcase classname="test.StartupTabTest" name="TC_71_Startup_Tab" time="18.957"/>
  <testcase classname="test.StartupTabTest" name="TC_72_Startup_Tab" time="28.458"/>
  <testcase classname="test.StartupTabTest" name="TC_73_Startup_Tab" time="28.559"/>
  <testcase classname="test.StartupTabTest" name="TC_74_Startup_Tab" time="32.704"/>
  <testcase classname="test.StartupTabTest" name="TC_75_Startup_Tab" time="32.612"/>
  <testcase classname="test.StartupTabTest" name="TC_76_Startup_Tab" time="20.225"/>
  <testcase classname="test.StartupTabTest" name="TC_77_Startup_Tab" time="31.760"/>
  <testcase classname="test.StartupTabTest" name="TC_77_a_Startup_Tab" time="30.526"/>
  <testcase classname="test.StartupTabTest" name="TC_78_Startup_Tab" time="21.668"/>
  <testcase classname="test.StartupTabTest" name="TC_79_Startup_Tab" time="22.629"/>
  <testcase classname="test.StartupTabTest" name="TC_80_Startup_Tab" time="21.700"/>
  <testcase classname="test.StartupTabTest" name="TC_81_Startup_Tab" time="21.864"/>
  <testcase classname="test.StartupTabTest" name="TC_82_Startup_Tab" time="21.195"/>
  <testcase classname="test.StartupTabTest" name="TC_83_Startup_Tab" time="21.482"/>
  <testcase classname="test.StartupTabTest" name="TC_84_Startup_Tab" time="21.409"/>
  <testcase classname="test.StartupTabTest" name="TC_85_Startup_Tab" time="25.075"/>
  <testcase classname="test.StartupTabTest" name="TC_86_Startup_Tab" time="21.722"/>
  <testcase classname="test.StartupTabTest" name="TC_87_Startup_Tab" time="21.561"/>
  <testcase classname="test.StartupTabTest" name="TC_88_Startup_Tab" time="21.819"/>
  <testcase classname="test.StartupTabTest" name="TC_89_Startup_Tab" time="21.394"/>
  <testcase classname="test.StartupTabTest" name="TC_90_Startup_Tab" time="24.662"/>
  <testcase classname="test.StartupTabTest" name="TC_91_Startup_Tab" time="21.369"/>
  <testcase classname="test.StartupTabTest" name="TC_92_Startup_Tab" time="20.832"/>
  <testcase classname="test.StartupTabTest" name="TC_93_Startup_Tab" time="21.180"/>
  <testcase classname="test.StartupTabTest" name="TC_94_Startup_Tab" time="22.183"/>
  <testcase classname="test.StartupTabTest" name="TC_95_Startup_Tab" time="22.121"/>
  <testcase classname="test.StartupTabTest" name="TC_96_Startup_Tab" time="25.552"/>
  <testcase classname="test.StartupTabTest" name="TC_97_Startup_Tab" time="18.926"/>
  <testcase classname="test.StartupTabTest" name="TC_98_Startup_Tab" time="19.660"/>
  <testcase classname="test.StartupTabTest" name="TC_99_Startup_Tab" time="19.989"/>
  <testcase classname="test.StartupTabTest" name="TC_100_Startup_Tab" time="21.438"/>
  <testcase classname="test.StartupTabTest" name="TC_101_Startup_Tab" time="20.493"/>
  <testcase classname="test.StartupTabTest" name="TC_102_Startup_Tab" time="19.004"/>
  <testcase classname="test.StartupTabTest" name="TC_103_Startup_Tab" time="20.612"/>
  <testcase classname="test.StartupTabTest" name="TC_103_a_Startup_Tab" time="23.354"/>
  <testcase classname="test.StartupTabTest" name="TC_104_Startup_Tab" time="20.979"/>
  <testcase classname="test.StartupTabTest" name="TC_105_Startup_Tab" time="21.593"/>
  <testcase classname="test.StartupTabTest" name="TC_108_Startup_Tab" time="23.312"/>
  <testcase classname="test.StartupTabTest" name="TC_109_Startup_Tab" time="20.297"/>
</testsuite> <!-- test.StartupTabTest -->
