<?xml version="1.0" encoding="UTF-8"?>
<!-- Generated by org.testng.reporters.JUnitReportReporter -->
<testsuite hostname="PSDLAP350" failures="0" tests="28" name="test.HomePageTabTest" time="425.540" errors="0" timestamp="2024-12-20T13:25:59 IST" skipped="0">
  <testcase classname="test.HomePageTabTest" name="TC_01_Homepage_Tab" time="12.690"/>
  <testcase classname="test.HomePageTabTest" name="TC_02_Homepage_Tab" time="17.058"/>
  <testcase classname="test.HomePageTabTest" name="TC_03_Homepage_Tab" time="14.368"/>
  <testcase classname="test.HomePageTabTest" name="TC_04_Homepage_Tab" time="15.349"/>
  <testcase classname="test.HomePageTabTest" name="TC_05_Homepage_Tab" time="15.167"/>
  <testcase classname="test.HomePageTabTest" name="TC_06_Homepage_Tab" time="15.795"/>
  <testcase classname="test.HomePageTabTest" name="TC_07_Homepage_Tab" time="16.644"/>
  <testcase classname="test.HomePageTabTest" name="TC_08_Homepage_Tab" time="15.235"/>
  <testcase classname="test.HomePageTabTest" name="TC_09_Homepage_Tab" time="15.183"/>
  <testcase classname="test.HomePageTabTest" name="TC_10_Homepage_Tab" time="15.921"/>
  <testcase classname="test.HomePageTabTest" name="TC_11_Homepage_Tab" time="15.723"/>
  <testcase classname="test.HomePageTabTest" name="TC_12_Homepage_Tab" time="16.691"/>
  <testcase classname="test.HomePageTabTest" name="TC_13_Homepage_Tab" time="15.797"/>
  <testcase classname="test.HomePageTabTest" name="TC_14_Homepage_Tab" time="15.418"/>
  <testcase classname="test.HomePageTabTest" name="TC_15_Homepage_Tab" time="14.667"/>
  <testcase classname="test.HomePageTabTest" name="TC_16_Homepage_Tab" time="15.785"/>
  <testcase classname="test.HomePageTabTest" name="TC_17_Homepage_Tab" time="12.685"/>
  <testcase classname="test.HomePageTabTest" name="TC_18_Homepage_Tab" time="13.514"/>
  <testcase classname="test.HomePageTabTest" name="TC_19_Homepage_Tab" time="12.597"/>
  <testcase classname="test.HomePageTabTest" name="TC_20_Homepage_Tab" time="12.613"/>
  <testcase classname="test.HomePageTabTest" name="TC_21_Homepage_Tab" time="12.531"/>
  <testcase classname="test.HomePageTabTest" name="TC_22_Homepage_Tab" time="12.637"/>
  <testcase classname="test.HomePageTabTest" name="TC_23_Homepage_Tab" time="16.086"/>
  <testcase classname="test.HomePageTabTest" name="TC_24_Homepage_Tab" time="15.924"/>
  <testcase classname="test.HomePageTabTest" name="TC_25_Homepage_Tab" time="16.213"/>
  <testcase classname="test.HomePageTabTest" name="TC_26_Homepage_Tab" time="13.111"/>
  <testcase classname="test.HomePageTabTest" name="TC_27_Homepage_Tab" time="25.188"/>
  <testcase classname="test.HomePageTabTest" name="TC_28_Homepage_Tab" time="14.950"/>
</testsuite> <!-- test.HomePageTabTest -->
