<?xml version="1.0" encoding="UTF-8"?>
<!-- Generated by org.testng.reporters.JUnitReportReporter -->
<testsuite hostname="PSDLAP350" failures="0" tests="12" name="test.CaseStudiesTab_Test" time="252.288" errors="0" timestamp="2024-12-20T13:25:59 IST" skipped="0">
  <testcase classname="test.CaseStudiesTab_Test" name="caseStudiesText_Tab_TC_01" time="17.225"/>
  <testcase classname="test.CaseStudiesTab_Test" name="caseStudies_Tab_TC_02" time="16.084"/>
  <testcase classname="test.CaseStudiesTab_Test" name="featuredCaseText_TC_03" time="15.885"/>
  <testcase classname="test.CaseStudiesTab_Test" name="Major_Insurance_TC_04" time="18.893"/>
  <testcase classname="test.CaseStudiesTab_Test" name="Major_Insurance_TC_05" time="23.885"/>
  <testcase classname="test.CaseStudiesTab_Test" name="StrategicMove_TC_06" time="22.111"/>
  <testcase classname="test.CaseStudiesTab_Test" name="ConvenianceSaving_TC_07" time="23.603"/>
  <testcase classname="test.CaseStudiesTab_Test" name="PrivateTrust_TC_08" time="22.276"/>
  <testcase classname="test.CaseStudiesTab_Test" name="OnlinePlatform_TC_09" time="23.064"/>
  <testcase classname="test.CaseStudiesTab_Test" name="Delevering_Enterprise_TC_10" time="23.163"/>
  <testcase classname="test.CaseStudiesTab_Test" name="Bringing_Premium_TC_11" time="22.654"/>
  <testcase classname="test.CaseStudiesTab_Test" name="Building_Optimizing_TC_12" time="23.445"/>
</testsuite> <!-- test.CaseStudiesTab_Test -->
