<?xml version="1.0" encoding="UTF-8"?>
<!-- Generated by org.testng.reporters.JUnitReportReporter -->
<testsuite hostname="PSDLAP350" failures="0" tests="28" name="test.EditorExportTest" time="44.704" errors="1" timestamp="2024-12-05T14:54:53 IST" skipped="26">
  <testcase classname="test.EditorExportTest" name="beforeMethod" time="31.039">
    <error message="no such window: target window already closed
from unknown error: web view not found
  (Session info: MicrosoftEdge=131.0.2903.70)
Build info: version: &#039;4.23.0&#039;, revision: &#039;4df0a231af&#039;
System info: os.name: &#039;Windows 11&#039;, os.arch: &#039;amd64&#039;, os.version: &#039;10.0&#039;, java.version: &#039;22.0.2&#039;
Driver info: org.openqa.selenium.edge.EdgeDriver
Command: [17f8e4350efaf1c774c572faf3b1ef71, maximizeCurrentWindow {}]
Capabilities {acceptInsecureCerts: false, browserName: MicrosoftEdge, browserVersion: 131.0.2903.70, fedcm:accounts: true, ms:edgeOptions: {debuggerAddress: localhost:58835}, msedge: {msedgedriverVersion: 131.0.2903.70 (73cf19ceae66..., userDataDir: C:\Users\UDDHAV~1\AppData\L...}, networkConnectionEnabled: false, pageLoadStrategy: normal, platformName: windows, proxy: Proxy(), se:cdp: ws://localhost:58835/devtoo..., se:cdpVersion: 131.0.2903.70, setWindowRect: true, strictFileInteractability: false, timeouts: {implicit: 0, pageLoad: 300000, script: 30000}, unhandledPromptBehavior: dismiss and notify, webauthn:extension:credBlob: true, webauthn:extension:largeBlob: true, webauthn:extension:minPinLength: true, webauthn:extension:prf: true, webauthn:virtualAuthenticators: true}
Session ID: 17f8e4350efaf1c774c572faf3b1ef71" type="org.openqa.selenium.NoSuchWindowException">
      <![CDATA[org.openqa.selenium.NoSuchWindowException: no such window: target window already closed
from unknown error: web view not found
  (Session info: MicrosoftEdge=131.0.2903.70)
Build info: version: '4.23.0', revision: '4df0a231af'
System info: os.name: 'Windows 11', os.arch: 'amd64', os.version: '10.0', java.version: '22.0.2'
Driver info: org.openqa.selenium.edge.EdgeDriver
Command: [17f8e4350efaf1c774c572faf3b1ef71, maximizeCurrentWindow {}]
Capabilities {acceptInsecureCerts: false, browserName: MicrosoftEdge, browserVersion: 131.0.2903.70, fedcm:accounts: true, ms:edgeOptions: {debuggerAddress: localhost:58835}, msedge: {msedgedriverVersion: 131.0.2903.70 (73cf19ceae66..., userDataDir: C:\Users\UDDHAV~1\AppData\L...}, networkConnectionEnabled: false, pageLoadStrategy: normal, platformName: windows, proxy: Proxy(), se:cdp: ws://localhost:58835/devtoo..., se:cdpVersion: 131.0.2903.70, setWindowRect: true, strictFileInteractability: false, timeouts: {implicit: 0, pageLoad: 300000, script: 30000}, unhandledPromptBehavior: dismiss and notify, webauthn:extension:credBlob: true, webauthn:extension:largeBlob: true, webauthn:extension:minPinLength: true, webauthn:extension:prf: true, webauthn:virtualAuthenticators: true}
Session ID: 17f8e4350efaf1c774c572faf3b1ef71
at java.base/jdk.internal.reflect.DirectConstructorHandleAccessor.newInstance(DirectConstructorHandleAccessor.java:62)
at java.base/java.lang.reflect.Constructor.newInstanceWithCaller(Constructor.java:502)
at java.base/java.lang.reflect.Constructor.newInstance(Constructor.java:486)
at org.openqa.selenium.remote.ErrorCodec.decode(ErrorCodec.java:167)
at org.openqa.selenium.remote.codec.w3c.W3CHttpResponseCodec.decode(W3CHttpResponseCodec.java:138)
at org.openqa.selenium.remote.codec.w3c.W3CHttpResponseCodec.decode(W3CHttpResponseCodec.java:50)
at org.openqa.selenium.remote.HttpCommandExecutor.execute(HttpCommandExecutor.java:190)
at org.openqa.selenium.remote.service.DriverCommandExecutor.invokeExecute(DriverCommandExecutor.java:216)
at org.openqa.selenium.remote.service.DriverCommandExecutor.execute(DriverCommandExecutor.java:174)
at org.openqa.selenium.remote.RemoteWebDriver.execute(RemoteWebDriver.java:527)
at org.openqa.selenium.remote.RemoteWebDriver.execute(RemoteWebDriver.java:600)
at org.openqa.selenium.remote.RemoteWebDriver.execute(RemoteWebDriver.java:604)
at org.openqa.selenium.remote.RemoteWebDriver$RemoteWebDriverOptions$RemoteWindow.maximize(RemoteWebDriver.java:1043)
at helper.BaseTest.beforeMethod(BaseTest.java:36)
at java.base/jdk.internal.reflect.DirectMethodHandleAccessor.invoke(DirectMethodHandleAccessor.java:103)
at java.base/java.lang.reflect.Method.invoke(Method.java:580)
at org.testng.internal.invokers.MethodInvocationHelper.invokeMethod(MethodInvocationHelper.java:141)
at org.testng.internal.invokers.MethodInvocationHelper.invokeMethodConsideringTimeout(MethodInvocationHelper.java:71)
at org.testng.internal.invokers.ConfigInvoker.invokeConfigurationMethod(ConfigInvoker.java:400)
at org.testng.internal.invokers.ConfigInvoker.invokeConfigurations(ConfigInvoker.java:333)
at org.testng.internal.invokers.TestInvoker.runConfigMethods(TestInvoker.java:833)
at org.testng.internal.invokers.TestInvoker.invokeMethod(TestInvoker.java:600)
at org.testng.internal.invokers.TestInvoker.invokeTestMethod(TestInvoker.java:230)
at org.testng.internal.invokers.MethodRunner.runInSequence(MethodRunner.java:63)
at org.testng.internal.invokers.TestInvoker$MethodInvocationAgent.invoke(TestInvoker.java:992)
at org.testng.internal.invokers.TestInvoker.invokeTestMethods(TestInvoker.java:203)
at org.testng.internal.invokers.TestMethodWorker.invokeTestMethods(TestMethodWorker.java:154)
at org.testng.internal.invokers.TestMethodWorker.run(TestMethodWorker.java:134)
at java.base/java.util.ArrayList.forEach(ArrayList.java:1597)
at org.testng.TestRunner.privateRun(TestRunner.java:739)
at org.testng.TestRunner.run(TestRunner.java:614)
at org.testng.SuiteRunner.runTest(SuiteRunner.java:421)
at org.testng.SuiteRunner.runSequentially(SuiteRunner.java:413)
at org.testng.SuiteRunner.privateRun(SuiteRunner.java:373)
at org.testng.SuiteRunner.run(SuiteRunner.java:312)
at org.testng.SuiteRunnerWorker.runSuite(SuiteRunnerWorker.java:52)
at org.testng.SuiteRunnerWorker.run(SuiteRunnerWorker.java:95)
at org.testng.TestNG.runSuitesSequentially(TestNG.java:1274)
at org.testng.TestNG.runSuitesLocally(TestNG.java:1208)
at org.testng.TestNG.runSuites(TestNG.java:1112)
at org.testng.TestNG.run(TestNG.java:1079)
at org.testng.remote.AbstractRemoteTestNG.run(AbstractRemoteTestNG.java:115)
at org.testng.remote.RemoteTestNG.initAndRun(RemoteTestNG.java:293)
at org.testng.remote.RemoteTestNG.main(RemoteTestNG.java:91)
]]>
    </error>
  </testcase> <!-- beforeMethod -->
  <testcase classname="test.EditorExportTest" name="TC_01" time="13.658"/>
  <testcase classname="test.EditorExportTest" name="TC_073_Editor_approve_list" time="0.001">
    <skipped/>
  </testcase> <!-- TC_073_Editor_approve_list -->
  <testcase classname="test.EditorExportTest" name="TC_074_Editor_export_year_task" time="0.001">
    <skipped/>
  </testcase> <!-- TC_074_Editor_export_year_task -->
  <testcase classname="test.EditorExportTest" name="TC_075_Editor_approved_year_task" time="0.001">
    <skipped/>
  </testcase> <!-- TC_075_Editor_approved_year_task -->
  <testcase classname="test.EditorExportTest" name="TC_076_Editor_year_list_reportee" time="0.000">
    <skipped/>
  </testcase> <!-- TC_076_Editor_year_list_reportee -->
  <testcase classname="test.EditorExportTest" name="TC_077_Editor_approve_month" time="0.000">
    <skipped/>
  </testcase> <!-- TC_077_Editor_approve_month -->
  <testcase classname="test.EditorExportTest" name="TC_078_Editor_approve_month_team" time="0.000">
    <skipped/>
  </testcase> <!-- TC_078_Editor_approve_month_team -->
  <testcase classname="test.EditorExportTest" name="TC_079_Editor_approve_month_reportee" time="0.000">
    <skipped/>
  </testcase> <!-- TC_079_Editor_approve_month_reportee -->
  <testcase classname="test.EditorExportTest" name="TC_080_Editor_list_month_reportee" time="0.000">
    <skipped/>
  </testcase> <!-- TC_080_Editor_list_month_reportee -->
  <testcase classname="test.EditorExportTest" name="TC_081_Editor_week_team_approved" time="0.001">
    <skipped/>
  </testcase> <!-- TC_081_Editor_week_team_approved -->
  <testcase classname="test.EditorExportTest" name="TC_082_Editor_week_team" time="0.000">
    <skipped/>
  </testcase> <!-- TC_082_Editor_week_team -->
  <testcase classname="test.EditorExportTest" name="TC_083_Editor_approved_week_team" time="0.000">
    <skipped/>
  </testcase> <!-- TC_083_Editor_approved_week_team -->
  <testcase classname="test.EditorExportTest" name="TC_084_Editor_week_reportee_task" time="0.000">
    <skipped/>
  </testcase> <!-- TC_084_Editor_week_reportee_task -->
  <testcase classname="test.EditorExportTest" name="TC_085_Editor_date_approved_task" time="0.000">
    <skipped/>
  </testcase> <!-- TC_085_Editor_date_approved_task -->
  <testcase classname="test.EditorExportTest" name="TC_086_Editor_date_task" time="0.000">
    <skipped/>
  </testcase> <!-- TC_086_Editor_date_task -->
  <testcase classname="test.EditorExportTest" name="TC_087_Editor_date_reportee" time="0.000">
    <skipped/>
  </testcase> <!-- TC_087_Editor_date_reportee -->
  <testcase classname="test.EditorExportTest" name="TC_088_Editor_date_reportee_task" time="0.000">
    <skipped/>
  </testcase> <!-- TC_088_Editor_date_reportee_task -->
  <testcase classname="test.EditorExportTest" name="TC_089_Editor_date_select_range_team" time="0.000">
    <skipped/>
  </testcase> <!-- TC_089_Editor_date_select_range_team -->
  <testcase classname="test.EditorExportTest" name="TC_090_Editor_task_date_range" time="0.001">
    <skipped/>
  </testcase> <!-- TC_090_Editor_task_date_range -->
  <testcase classname="test.EditorExportTest" name="TC_091_Editor_date_range_reportee" time="0.000">
    <skipped/>
  </testcase> <!-- TC_091_Editor_date_range_reportee -->
  <testcase classname="test.EditorExportTest" name="TC_092_Editor_date_reportee" time="0.000">
    <skipped/>
  </testcase> <!-- TC_092_Editor_date_reportee -->
  <testcase classname="test.EditorExportTest" name="TC_093_Editor_submitted_team" time="0.001">
    <skipped/>
  </testcase> <!-- TC_093_Editor_submitted_team -->
  <testcase classname="test.EditorExportTest" name="TC_094_Editor_year_task_reportee" time="0.000">
    <skipped/>
  </testcase> <!-- TC_094_Editor_year_task_reportee -->
  <testcase classname="test.EditorExportTest" name="TC_095_Editor_month_task_team" time="0.000">
    <skipped/>
  </testcase> <!-- TC_095_Editor_month_task_team -->
  <testcase classname="test.EditorExportTest" name="TC_096_Editor_submitted_month_task" time="0.000">
    <skipped/>
  </testcase> <!-- TC_096_Editor_submitted_month_task -->
  <testcase classname="test.EditorExportTest" name="TC_097_Editor_submitted_task_team" time="0.001">
    <skipped/>
  </testcase> <!-- TC_097_Editor_submitted_task_team -->
  <testcase classname="test.EditorExportTest" name="TC_098_Editor_week_task_reportee" time="0.000">
    <skipped/>
  </testcase> <!-- TC_098_Editor_week_task_reportee -->
</testsuite> <!-- test.EditorExportTest -->
