<?xml version="1.0" encoding="UTF-8"?>
<!-- Generated by org.testng.reporters.JUnitReportReporter -->
<testsuite hostname="PSDLAP350" failures="0" tests="22" name="test.BlogTest" time="374.203" errors="0" timestamp="2024-12-20T13:25:59 IST" skipped="0">
  <testcase classname="test.BlogTest" name="TC01_Blog_Tab" time="12.369"/>
  <testcase classname="test.BlogTest" name="TC02_Blog_Tab" time="15.301"/>
  <testcase classname="test.BlogTest" name="TC03_Blog_Tab" time="15.650"/>
  <testcase classname="test.BlogTest" name="TC04_Blog_Tab" time="16.909"/>
  <testcase classname="test.BlogTest" name="TC05_Blog_Tab" time="18.549"/>
  <testcase classname="test.BlogTest" name="TC06_Blog_Tab" time="18.842"/>
  <testcase classname="test.BlogTest" name="TC07_Blog_Tab" time="15.440"/>
  <testcase classname="test.BlogTest" name="TC08_Blog_Tab" time="18.430"/>
  <testcase classname="test.BlogTest" name="TC09_Blog_Tab" time="16.074"/>
  <testcase classname="test.BlogTest" name="TC010_Blog_Tab" time="18.029"/>
  <testcase classname="test.BlogTest" name="TC11_Blog_Tab" time="15.866"/>
  <testcase classname="test.BlogTest" name="TC12_Blog_Tab" time="17.728"/>
  <testcase classname="test.BlogTest" name="TC13_Blog_Tab" time="15.837"/>
  <testcase classname="test.BlogTest" name="TC14_Blog_Tab" time="18.754"/>
  <testcase classname="test.BlogTest" name="TC15_Blog_Tab" time="16.523"/>
  <testcase classname="test.BlogTest" name="TC16_Blog_Tab" time="19.235"/>
  <testcase classname="test.BlogTest" name="TC17_Blog_Tab" time="16.590"/>
  <testcase classname="test.BlogTest" name="TC18_Blog_Tab" time="19.889"/>
  <testcase classname="test.BlogTest" name="TC19_Blog_Tab" time="15.763"/>
  <testcase classname="test.BlogTest" name="TC20_Blog_Tab" time="18.376"/>
  <testcase classname="test.BlogTest" name="TC21_Blog_Tab" time="18.843"/>
  <testcase classname="test.BlogTest" name="TC22_Blog_Tab" time="15.206"/>
</testsuite> <!-- test.BlogTest -->
