<?xml version="1.0" encoding="UTF-8"?>
<!-- Generated by org.testng.reporters.JUnitReportReporter -->
<testsuite hostname="PSDLAP350" failures="0" tests="12" name="test.IndustryTest" time="238.547" errors="0" timestamp="2024-12-20T13:25:59 IST" skipped="0">
  <testcase classname="test.IndustryTest" name="TC110_Industry_Tab" time="15.946"/>
  <testcase classname="test.IndustryTest" name="TC111_Industry_Tab" time="20.545"/>
  <testcase classname="test.IndustryTest" name="TC112_Industry_Tab" time="19.364"/>
  <testcase classname="test.IndustryTest" name="TC113_Industry_Tab" time="20.337"/>
  <testcase classname="test.IndustryTest" name="TC114_Industry_Tab" time="20.433"/>
  <testcase classname="test.IndustryTest" name="TC115_Industry_Tab" time="20.091"/>
  <testcase classname="test.IndustryTest" name="TC116_Industry_Tab" time="19.927"/>
  <testcase classname="test.IndustryTest" name="TC117_Industry_Tab" time="20.538"/>
  <testcase classname="test.IndustryTest" name="TC118_Industry_Tab" time="19.900"/>
  <testcase classname="test.IndustryTest" name="TC119_Industry_Tab" time="19.121"/>
  <testcase classname="test.IndustryTest" name="TC120_Industry_Tab" time="21.475"/>
  <testcase classname="test.IndustryTest" name="TC121_Industry_Tab" time="20.870"/>
</testsuite> <!-- test.IndustryTest -->
