<?xml version="1.0" encoding="UTF-8"?>
<!-- Generated by org.testng.reporters.JUnitReportReporter -->
<testsuite hostname="PSDLAP350" failures="0" tests="24" name="test.Company_Test" time="443.545" errors="0" timestamp="2024-12-20T13:25:59 IST" skipped="0">
  <testcase classname="test.Company_Test" name="TC01_Company_Tab" time="16.402"/>
  <testcase classname="test.Company_Test" name="TC02_Company_Tab" time="19.823"/>
  <testcase classname="test.Company_Test" name="TC03_Company_Tab" time="19.577"/>
  <testcase classname="test.Company_Test" name="TC04_Company_Tab" time="18.967"/>
  <testcase classname="test.Company_Test" name="TC05_Company_Tab" time="16.585"/>
  <testcase classname="test.Company_Test" name="TC06_Company_Tab" time="18.595"/>
  <testcase classname="test.Company_Test" name="TC07_Company_Tab" time="19.641"/>
  <testcase classname="test.Company_Test" name="TC08_Company_Tab" time="19.199"/>
  <testcase classname="test.Company_Test" name="TC09_Company_Tab" time="16.513"/>
  <testcase classname="test.Company_Test" name="TC10_Company_Tab" time="20.052"/>
  <testcase classname="test.Company_Test" name="TC11_Company_Tab" time="18.329"/>
  <testcase classname="test.Company_Test" name="TC12_Company_Tab" time="16.398"/>
  <testcase classname="test.Company_Test" name="TC13_Company_Tab" time="16.977"/>
  <testcase classname="test.Company_Test" name="TC14_Company_Tab" time="19.358"/>
  <testcase classname="test.Company_Test" name="TC15_Company_Tab" time="19.838"/>
  <testcase classname="test.Company_Test" name="TC16_Company_Tab" time="23.012"/>
  <testcase classname="test.Company_Test" name="TC17_Company_Tab" time="15.951"/>
  <testcase classname="test.Company_Test" name="TC18_Company_Tab" time="16.034"/>
  <testcase classname="test.Company_Test" name="TC19_Company_Tab" time="21.596"/>
  <testcase classname="test.Company_Test" name="TC20_Company_Tab" time="16.028"/>
  <testcase classname="test.Company_Test" name="TC21_Company_Tab" time="19.587"/>
  <testcase classname="test.Company_Test" name="TC22_Company_Tab" time="16.132"/>
  <testcase classname="test.Company_Test" name="TC23_Company_Tab" time="21.301"/>
  <testcase classname="test.Company_Test" name="TC24_Company_Tab" time="17.650"/>
</testsuite> <!-- test.Company_Test -->
