<?xml version="1.0" encoding="UTF-8"?>
<!-- Generated by org.testng.reporters.JUnitReportReporter -->
<testsuite hostname="PSDLAP350" failures="0" tests="20" name="test.SolutionTab_Test" time="330.661" errors="0" timestamp="2024-12-20T13:25:59 IST" skipped="0">
  <testcase classname="test.SolutionTab_Test" name="solution_Tab_TC_01" time="12.287"/>
  <testcase classname="test.SolutionTab_Test" name="Managed_services_TC_02" time="31.531"/>
  <testcase classname="test.SolutionTab_Test" name="IT_ConsultancyAndAdvisoy_TC_03" time="15.189"/>
  <testcase classname="test.SolutionTab_Test" name="CyberSecurity_TC_04" time="15.615"/>
  <testcase classname="test.SolutionTab_Test" name="WebDevelopment_TC_05" time="15.437"/>
  <testcase classname="test.SolutionTab_Test" name="MobileDevelopment_TC_06" time="15.696"/>
  <testcase classname="test.SolutionTab_Test" name="CloudServices_TC_07" time="16.374"/>
  <testcase classname="test.SolutionTab_Test" name="DigitalTransformation_TC_08" time="14.848"/>
  <testcase classname="test.SolutionTab_Test" name="Security_TC_09" time="15.696"/>
  <testcase classname="test.SolutionTab_Test" name="Automation_TC_10" time="15.600"/>
  <testcase classname="test.SolutionTab_Test" name="Gaining_Efficiency_TC_11" time="16.870"/>
  <testcase classname="test.SolutionTab_Test" name="Industry_Manufacturing_12" time="15.524"/>
  <testcase classname="test.SolutionTab_Test" name="Transportation_TC_13" time="15.980"/>
  <testcase classname="test.SolutionTab_Test" name="Healthcare_TC_14" time="16.594"/>
  <testcase classname="test.SolutionTab_Test" name="BankAndInsurance_TC_15" time="16.702"/>
  <testcase classname="test.SolutionTab_Test" name="CounsultingProvider_TC_16" time="15.432"/>
  <testcase classname="test.SolutionTab_Test" name="NonProfit_TC_17" time="16.407"/>
  <testcase classname="test.SolutionTab_Test" name="NonProfit_TC_18" time="14.654"/>
  <testcase classname="test.SolutionTab_Test" name="CallUs_TC_19" time="15.189"/>
  <testcase classname="test.SolutionTab_Test" name="nftLearnMore_TC_20" time="19.036"/>
</testsuite> <!-- test.SolutionTab_Test -->
