<?xml version="1.0" encoding="UTF-8"?>
<!-- Generated by org.testng.reporters.JUnitReportReporter -->
<testsuite hostname="PSDLAP350" failures="0" tests="11" name="test.EditorEvalSettingTest" time="436.746" errors="0" timestamp="2024-12-10T11:23:10 IST" skipped="0">
  <testcase classname="test.EditorEvalSettingTest" name="TC_165_Editor" time="35.585"/>
  <testcase classname="test.EditorEvalSettingTest" name="TC_166_Editor" time="36.510"/>
  <testcase classname="test.EditorEvalSettingTest" name="TC_167_Editor" time="39.593"/>
  <testcase classname="test.EditorEvalSettingTest" name="TC_168_Editor" time="41.267"/>
  <testcase classname="test.EditorEvalSettingTest" name="TC_169_Editor" time="42.284"/>
  <testcase classname="test.EditorEvalSettingTest" name="TC_170_Editor" time="42.613"/>
  <testcase classname="test.EditorEvalSettingTest" name="TC_171_Editor" time="37.782"/>
  <testcase classname="test.EditorEvalSettingTest" name="TC_186_Editor" time="36.547"/>
  <testcase classname="test.EditorEvalSettingTest" name="TC_187_Editor" time="40.702"/>
  <testcase classname="test.EditorEvalSettingTest" name="TC_189_Editor" time="39.197"/>
  <testcase classname="test.EditorEvalSettingTest" name="TC_190_Editor" time="44.666"/>
</testsuite> <!-- test.EditorEvalSettingTest -->
